;  LST file generated by mikroListExporter - v.2.0 
; Date/Time: 20/01/2014 11:48:58
;----------------------------------------------

;Address Opcode 	ASM
0x0000	0x2A32      	GOTO       562
_EEPROM_Write:
;__Lib_EEPROM.c,16 :: 		
;__Lib_EEPROM.c,20 :: 		
L_EEPROM_Write0:
0x0003	0x1683      	BSF        STATUS, 5
0x0004	0x1703      	BSF        STATUS, 6
0x0005	0x1C8C      	BTFSS      EECON1, 1
0x0006	0x2809      	GOTO       L_EEPROM_Write1
0x0007	0x0000      	NOP
0x0008	0x2803      	GOTO       L_EEPROM_Write0
L_EEPROM_Write1:
;__Lib_EEPROM.c,21 :: 		
0x0009	0x1283      	BCF        STATUS, 5
0x000A	0x1303      	BCF        STATUS, 6
0x000B	0x0869      	MOVF       FARG_EEPROM_Write_Address, 0
0x000C	0x1703      	BSF        STATUS, 6
0x000D	0x008D      	MOVWF      EEADR
;__Lib_EEPROM.c,22 :: 		
0x000E	0x1303      	BCF        STATUS, 6
0x000F	0x086A      	MOVF       FARG_EEPROM_Write_data_, 0
0x0010	0x1703      	BSF        STATUS, 6
0x0011	0x008C      	MOVWF      EEDATA
;__Lib_EEPROM.c,23 :: 		
0x0012	0x1683      	BSF        STATUS, 5
0x0013	0x138C      	BCF        EECON1, 7
;__Lib_EEPROM.c,24 :: 		
0x0014	0x150C      	BSF        EECON1, 2
;__Lib_EEPROM.c,26 :: 		
0x0015	0x080B      	MOVF       INTCON, 0
0x0016	0x00F0      	MOVWF      R0
;__Lib_EEPROM.c,29 :: 		
0x0017	0x138B      	BCF        INTCON, 7
;__Lib_EEPROM.c,30 :: 		
0x0018	0x3055      	MOVLW      85
0x0019	0x008D      	MOVWF      EECON2
;__Lib_EEPROM.c,31 :: 		
0x001A	0x30AA      	MOVLW      170
0x001B	0x008D      	MOVWF      EECON2
;__Lib_EEPROM.c,32 :: 		
0x001C	0x148C      	BSF        EECON1, 1
;__Lib_EEPROM.c,36 :: 		
0x001D	0x1BF0      	BTFSC      R0, 7
0x001E	0x2821      	GOTO       L__EEPROM_Write2
0x001F	0x138B      	BCF        INTCON, 7
0x0020	0x2822      	GOTO       L__EEPROM_Write3
L__EEPROM_Write2:
0x0021	0x178B      	BSF        INTCON, 7
L__EEPROM_Write3:
;__Lib_EEPROM.c,37 :: 		
0x0022	0x110C      	BCF        EECON1, 2
;__Lib_EEPROM.c,38 :: 		
0x0023	0x0008      	RETURN
; end of _EEPROM_Write
_UART1_Write:
;__Lib_UART_c67.c,39 :: 		
;__Lib_UART_c67.c,40 :: 		
L_UART1_Write3:
0x0024	0x1683      	BSF        STATUS, 5
0x0025	0x1303      	BCF        STATUS, 6
0x0026	0x1898      	BTFSC      TXSTA, 1
0x0027	0x282A      	GOTO       L_UART1_Write4
;__Lib_UART_c67.c,41 :: 		
0x0028	0x0000      	NOP
0x0029	0x2824      	GOTO       L_UART1_Write3
L_UART1_Write4:
;__Lib_UART_c67.c,42 :: 		
0x002A	0x1283      	BCF        STATUS, 5
0x002B	0x0867      	MOVF       FARG_UART1_Write_data_, 0
0x002C	0x0099      	MOVWF      TXREG
;__Lib_UART_c67.c,43 :: 		
0x002D	0x0008      	RETURN
; end of _UART1_Write
_EEPROM_Read:
;__Lib_EEPROM.c,4 :: 		
;__Lib_EEPROM.c,5 :: 		
0x002E	0x1283      	BCF        STATUS, 5
0x002F	0x1303      	BCF        STATUS, 6
0x0030	0x0867      	MOVF       FARG_EEPROM_Read_Address, 0
0x0031	0x1703      	BSF        STATUS, 6
0x0032	0x008D      	MOVWF      EEADR
;__Lib_EEPROM.c,6 :: 		
0x0033	0x1683      	BSF        STATUS, 5
0x0034	0x138C      	BCF        EECON1, 7
;__Lib_EEPROM.c,12 :: 		
0x0035	0x140C      	BSF        EECON1, 0
;__Lib_EEPROM.c,13 :: 		
0x0036	0x1283      	BCF        STATUS, 5
0x0037	0x080C      	MOVF       EEDATA, 0
0x0038	0x00F0      	MOVWF      R0
;__Lib_EEPROM.c,14 :: 		
0x0039	0x0008      	RETURN
; end of _EEPROM_Read
_Mul_8x8_U:
;__Lib_Math.c,103 :: 		
;__Lib_Math.c,108 :: 		
0x003A	0x1283      	BCF        STATUS, 5
;__Lib_Math.c,109 :: 		
0x003B	0x1303      	BCF        STATUS, 6
;__Lib_Math.c,110 :: 		
0x003C	0x0870      	MOVF       R0, 0
;__Lib_Math.c,111 :: 		
0x003D	0x00F1      	MOVWF      R1
;__Lib_Math.c,112 :: 		
0x003E	0x01F0      	CLRF       R0
;__Lib_Math.c,113 :: 		
0x003F	0x3008      	MOVLW      8
;__Lib_Math.c,114 :: 		
0x0040	0x00FC      	MOVWF      R12
;__Lib_Math.c,115 :: 		
0x0041	0x0871      	MOVF       R1, 0
;__Lib_Math.c,116 :: 		
0x0042	0x0CF4      	RRF        R4, 1
;__Lib_Math.c,117 :: 		
0x0043	0x1803      	BTFSC      STATUS, 0
;__Lib_Math.c,118 :: 		
0x0044	0x2849      	GOTO       $+5
;__Lib_Math.c,119 :: 		
0x0045	0x0BFC      	DECFSZ     R12, 1
;__Lib_Math.c,120 :: 		
0x0046	0x2842      	GOTO       $-4
;__Lib_Math.c,121 :: 		
0x0047	0x01F1      	CLRF       R1
;__Lib_Math.c,122 :: 		
0x0048	0x3400      	RETLW      0
;__Lib_Math.c,123 :: 		
0x0049	0x1003      	BCF        STATUS, 0
;__Lib_Math.c,124 :: 		
0x004A	0x284E      	GOTO       $+4
;__Lib_Math.c,125 :: 		
0x004B	0x0CF4      	RRF        R4, 1
;__Lib_Math.c,126 :: 		
0x004C	0x1803      	BTFSC      STATUS, 0
;__Lib_Math.c,127 :: 		
0x004D	0x07F1      	ADDWF      R1, 1
;__Lib_Math.c,128 :: 		
0x004E	0x0CF1      	RRF        R1, 1
;__Lib_Math.c,129 :: 		
0x004F	0x0CF0      	RRF        R0, 1
;__Lib_Math.c,130 :: 		
0x0050	0x0BFC      	DECFSZ     R12, 1
;__Lib_Math.c,131 :: 		
0x0051	0x284B      	GOTO       $-6
;__Lib_Math.c,133 :: 		
;__Lib_Math.c,134 :: 		
0x0052	0x0008      	RETURN
; end of _Mul_8x8_U
_____DoICP:
;__Lib_System.c,6 :: 		
;__Lib_System.c,9 :: 		
0x0053	0x1283      	BCF        STATUS, 5
0x0054	0x1303      	BCF        STATUS, 6
0x0055	0x0826      	MOVF       ___DoICPAddr+1, 0
0x0056	0x008A      	MOVWF      PCLATH
;__Lib_System.c,10 :: 		
0x0057	0x0825      	MOVF       ___DoICPAddr, 0
0x0058	0x0082      	MOVWF      PCL
;__Lib_System.c,12 :: 		
0x0059	0x0008      	RETURN
; end of _____DoICP
_I2C1_Is_Idle:
;__Lib_I2C_c34.c,11 :: 		
;__Lib_I2C_c34.c,12 :: 		
0x005A	0x1683      	BSF        STATUS, 5
0x005B	0x1303      	BCF        STATUS, 6
0x005C	0x1914      	BTFSC      SSPSTAT, 2
0x005D	0x2868      	GOTO       L_I2C1_Is_Idle0
;__Lib_I2C_c34.c,13 :: 		
0x005E	0x301F      	MOVLW      31
0x005F	0x0511      	ANDWF      SSPCON2, 0
0x0060	0x00F1      	MOVWF      R1
0x0061	0x0871      	MOVF       R1, 0
0x0062	0x3A00      	XORLW      0
0x0063	0x1D03      	BTFSS      STATUS, 2
0x0064	0x2868      	GOTO       L_I2C1_Is_Idle1
;__Lib_I2C_c34.c,14 :: 		
0x0065	0x3001      	MOVLW      1
0x0066	0x00F0      	MOVWF      R0
0x0067	0x0008      	RETURN
L_I2C1_Is_Idle1:
L_I2C1_Is_Idle0:
;__Lib_I2C_c34.c,15 :: 		
0x0068	0x01F0      	CLRF       R0
;__Lib_I2C_c34.c,16 :: 		
0x0069	0x0008      	RETURN
; end of _I2C1_Is_Idle
_Delay_5500us:
;__Lib_Delays.c,31 :: 		void Delay_5500us() {
;__Lib_Delays.c,32 :: 		Delay_us(5500);
0x006A	0x300F      	MOVLW      15
0x006B	0x1283      	BCF        STATUS, 5
0x006C	0x1303      	BCF        STATUS, 6
0x006D	0x00FC      	MOVWF      R12
0x006E	0x3047      	MOVLW      71
0x006F	0x00FD      	MOVWF      R13
L_Delay_5500us5:
0x0070	0x0BFD      	DECFSZ     R13, 1
0x0071	0x2870      	GOTO       L_Delay_5500us5
0x0072	0x0BFC      	DECFSZ     R12, 1
0x0073	0x2870      	GOTO       L_Delay_5500us5
0x0074	0x0000      	NOP
0x0075	0x0000      	NOP
;__Lib_Delays.c,33 :: 		}
0x0076	0x0008      	RETURN
; end of _Delay_5500us
_Data_Eeprom_Write:
;TP_memory.c,54 :: 		void Data_Eeprom_Write(char * donnees)
;TP_memory.c,56 :: 		short indice=0;
0x0077	0x1283      	BCF        STATUS, 5
0x0078	0x1303      	BCF        STATUS, 6
0x0079	0x01E8      	CLRF       Data_Eeprom_Write_indice_L0
;TP_memory.c,57 :: 		while(donnees[indice] != '\0')
L_Data_Eeprom_Write0:
0x007A	0x0868      	MOVF       Data_Eeprom_Write_indice_L0, 0
0x007B	0x0767      	ADDWF      FARG_Data_Eeprom_Write_donnees, 0
0x007C	0x0084      	MOVWF      FSR
0x007D	0x0800      	MOVF       INDF, 0
0x007E	0x3A00      	XORLW      0
0x007F	0x1903      	BTFSC      STATUS, 2
0x0080	0x288E      	GOTO       L_Data_Eeprom_Write1
;TP_memory.c,59 :: 		EEPROM_Write(adresse+indice,donnees[indice]);
0x0081	0x0868      	MOVF       Data_Eeprom_Write_indice_L0, 0
0x0082	0x0720      	ADDWF      _adresse, 0
0x0083	0x00E9      	MOVWF      FARG_EEPROM_Write_Address
0x0084	0x0868      	MOVF       Data_Eeprom_Write_indice_L0, 0
0x0085	0x0767      	ADDWF      FARG_Data_Eeprom_Write_donnees, 0
0x0086	0x0084      	MOVWF      FSR
0x0087	0x0800      	MOVF       INDF, 0
0x0088	0x00EA      	MOVWF      FARG_EEPROM_Write_data_
0x0089	0x2003      	CALL       _EEPROM_Write
;TP_memory.c,60 :: 		++indice;
0x008A	0x1283      	BCF        STATUS, 5
0x008B	0x1303      	BCF        STATUS, 6
0x008C	0x0AE8      	INCF       Data_Eeprom_Write_indice_L0, 1
;TP_memory.c,61 :: 		}
0x008D	0x287A      	GOTO       L_Data_Eeprom_Write0
L_Data_Eeprom_Write1:
;TP_memory.c,62 :: 		adresse += indice;
0x008E	0x0868      	MOVF       Data_Eeprom_Write_indice_L0, 0
0x008F	0x07A0      	ADDWF      _adresse, 1
;TP_memory.c,63 :: 		}
0x0090	0x0008      	RETURN
; end of _Data_Eeprom_Write
_Delay_1us:
;__Lib_Delays.c,7 :: 		void Delay_1us() {
;__Lib_Delays.c,8 :: 		Delay_us(1);
0x0091	0x0000      	NOP
0x0092	0x0000      	NOP
;__Lib_Delays.c,9 :: 		}
0x0093	0x0008      	RETURN
; end of _Delay_1us
_Delay_50us:
;__Lib_Delays.c,19 :: 		void Delay_50us() {
;__Lib_Delays.c,20 :: 		Delay_us(50);
0x0094	0x3021      	MOVLW      33
0x0095	0x1283      	BCF        STATUS, 5
0x0096	0x1303      	BCF        STATUS, 6
0x0097	0x00FD      	MOVWF      R13
L_Delay_50us2:
0x0098	0x0BFD      	DECFSZ     R13, 1
0x0099	0x2898      	GOTO       L_Delay_50us2
;__Lib_Delays.c,21 :: 		}
0x009A	0x0008      	RETURN
; end of _Delay_50us
_I2C1_Wr:
;__Lib_I2C_c34.c,66 :: 		
;__Lib_I2C_c34.c,68 :: 		
0x009B	0x1283      	BCF        STATUS, 5
0x009C	0x1303      	BCF        STATUS, 6
0x009D	0x118C      	BCF        PIR1, 3
;__Lib_I2C_c34.c,69 :: 		
0x009E	0x084B      	MOVF       FARG_I2C1_Wr_data_, 0
0x009F	0x0093      	MOVWF      SSPBUF
;__Lib_I2C_c34.c,71 :: 		
L_I2C1_Wr18:
0x00A0	0x1683      	BSF        STATUS, 5
0x00A1	0x1D14      	BTFSS      SSPSTAT, 2
0x00A2	0x28A4      	GOTO       L_I2C1_Wr19
;__Lib_I2C_c34.c,72 :: 		
0x00A3	0x28A0      	GOTO       L_I2C1_Wr18
L_I2C1_Wr19:
;__Lib_I2C_c34.c,74 :: 		
L_I2C1_Wr20:
0x00A4	0x1283      	BCF        STATUS, 5
0x00A5	0x198C      	BTFSC      PIR1, 3
0x00A6	0x28A8      	GOTO       L_I2C1_Wr21
;__Lib_I2C_c34.c,75 :: 		
0x00A7	0x28A4      	GOTO       L_I2C1_Wr20
L_I2C1_Wr21:
;__Lib_I2C_c34.c,77 :: 		
0x00A8	0x1683      	BSF        STATUS, 5
0x00A9	0x1B11      	BTFSC      SSPCON2, 6
0x00AA	0x28AD      	GOTO       L_I2C1_Wr22
;__Lib_I2C_c34.c,78 :: 		
0x00AB	0x01F0      	CLRF       R0
0x00AC	0x0008      	RETURN
;__Lib_I2C_c34.c,79 :: 		
L_I2C1_Wr22:
;__Lib_I2C_c34.c,81 :: 		
0x00AD	0x1511      	BSF        SSPCON2, 2
;__Lib_I2C_c34.c,82 :: 		
0x00AE	0x3002      	MOVLW      2
0x00AF	0x00F0      	MOVWF      R0
;__Lib_I2C_c34.c,84 :: 		
0x00B0	0x0008      	RETURN
; end of _I2C1_Wr
_I2C1_Repeated_Start:
;__Lib_I2C_c34.c,36 :: 		
;__Lib_I2C_c34.c,37 :: 		
0x00B1	0x1683      	BSF        STATUS, 5
0x00B2	0x1303      	BCF        STATUS, 6
0x00B3	0x1491      	BSF        SSPCON2, 1
;__Lib_I2C_c34.c,38 :: 		
L_I2C1_Repeated_Start10:
0x00B4	0x1C91      	BTFSS      SSPCON2, 1
0x00B5	0x28B7      	GOTO       L_I2C1_Repeated_Start11
;__Lib_I2C_c34.c,39 :: 		
0x00B6	0x28B4      	GOTO       L_I2C1_Repeated_Start10
L_I2C1_Repeated_Start11:
;__Lib_I2C_c34.c,40 :: 		
0x00B7	0x0008      	RETURN
; end of _I2C1_Repeated_Start
_Lcd_Cmd:
;__Lib_Lcd.c,18 :: 		
;__Lib_Lcd.c,20 :: 		
0x00B8	0x1283      	BCF        STATUS, 5
0x00B9	0x1303      	BCF        STATUS, 6
0x00BA	0x1BCB      	BTFSC      FARG_Lcd_Cmd_out_char, 7
0x00BB	0x28BE      	GOTO       L__Lcd_Cmd20
0x00BC	0x1186      	BCF        LCD_D7, BitPos(LCD_D7+0)
0x00BD	0x28BF      	GOTO       L__Lcd_Cmd21
L__Lcd_Cmd20:
0x00BE	0x1586      	BSF        LCD_D7, BitPos(LCD_D7+0)
L__Lcd_Cmd21:
;__Lib_Lcd.c,21 :: 		
0x00BF	0x1B4B      	BTFSC      FARG_Lcd_Cmd_out_char, 6
0x00C0	0x28C3      	GOTO       L__Lcd_Cmd22
0x00C1	0x1106      	BCF        LCD_D6, BitPos(LCD_D6+0)
0x00C2	0x28C4      	GOTO       L__Lcd_Cmd23
L__Lcd_Cmd22:
0x00C3	0x1506      	BSF        LCD_D6, BitPos(LCD_D6+0)
L__Lcd_Cmd23:
;__Lib_Lcd.c,22 :: 		
0x00C4	0x1ACB      	BTFSC      FARG_Lcd_Cmd_out_char, 5
0x00C5	0x28C8      	GOTO       L__Lcd_Cmd24
0x00C6	0x1086      	BCF        LCD_D5, BitPos(LCD_D5+0)
0x00C7	0x28C9      	GOTO       L__Lcd_Cmd25
L__Lcd_Cmd24:
0x00C8	0x1486      	BSF        LCD_D5, BitPos(LCD_D5+0)
L__Lcd_Cmd25:
;__Lib_Lcd.c,23 :: 		
0x00C9	0x1A4B      	BTFSC      FARG_Lcd_Cmd_out_char, 4
0x00CA	0x28CD      	GOTO       L__Lcd_Cmd26
0x00CB	0x1006      	BCF        LCD_D4, BitPos(LCD_D4+0)
0x00CC	0x28CE      	GOTO       L__Lcd_Cmd27
L__Lcd_Cmd26:
0x00CD	0x1406      	BSF        LCD_D4, BitPos(LCD_D4+0)
L__Lcd_Cmd27:
;__Lib_Lcd.c,25 :: 		
0x00CE	0x1836      	BTFSC      __Lib_Lcd_cmd_status, BitPos(__Lib_Lcd_cmd_status+0)
0x00CF	0x28D2      	GOTO       L__Lcd_Cmd28
0x00D0	0x1606      	BSF        LCD_RS, BitPos(LCD_RS+0)
0x00D1	0x28D3      	GOTO       L__Lcd_Cmd29
L__Lcd_Cmd28:
0x00D2	0x1206      	BCF        LCD_RS, BitPos(LCD_RS+0)
L__Lcd_Cmd29:
;__Lib_Lcd.c,28 :: 		
0x00D3	0x1686      	BSF        LCD_EN, BitPos(LCD_EN+0)
;__Lib_Lcd.c,29 :: 		
0x00D4	0x2091      	CALL       _Delay_1us
;__Lib_Lcd.c,30 :: 		
0x00D5	0x1286      	BCF        LCD_EN, BitPos(LCD_EN+0)
;__Lib_Lcd.c,33 :: 		
0x00D6	0x19CB      	BTFSC      FARG_Lcd_Cmd_out_char, 3
0x00D7	0x28DA      	GOTO       L__Lcd_Cmd30
0x00D8	0x1186      	BCF        LCD_D7, BitPos(LCD_D7+0)
0x00D9	0x28DB      	GOTO       L__Lcd_Cmd31
L__Lcd_Cmd30:
0x00DA	0x1586      	BSF        LCD_D7, BitPos(LCD_D7+0)
L__Lcd_Cmd31:
;__Lib_Lcd.c,34 :: 		
0x00DB	0x194B      	BTFSC      FARG_Lcd_Cmd_out_char, 2
0x00DC	0x28DF      	GOTO       L__Lcd_Cmd32
0x00DD	0x1106      	BCF        LCD_D6, BitPos(LCD_D6+0)
0x00DE	0x28E0      	GOTO       L__Lcd_Cmd33
L__Lcd_Cmd32:
0x00DF	0x1506      	BSF        LCD_D6, BitPos(LCD_D6+0)
L__Lcd_Cmd33:
;__Lib_Lcd.c,35 :: 		
0x00E0	0x18CB      	BTFSC      FARG_Lcd_Cmd_out_char, 1
0x00E1	0x28E4      	GOTO       L__Lcd_Cmd34
0x00E2	0x1086      	BCF        LCD_D5, BitPos(LCD_D5+0)
0x00E3	0x28E5      	GOTO       L__Lcd_Cmd35
L__Lcd_Cmd34:
0x00E4	0x1486      	BSF        LCD_D5, BitPos(LCD_D5+0)
L__Lcd_Cmd35:
;__Lib_Lcd.c,36 :: 		
0x00E5	0x184B      	BTFSC      FARG_Lcd_Cmd_out_char, 0
0x00E6	0x28E9      	GOTO       L__Lcd_Cmd36
0x00E7	0x1006      	BCF        LCD_D4, BitPos(LCD_D4+0)
0x00E8	0x28EA      	GOTO       L__Lcd_Cmd37
L__Lcd_Cmd36:
0x00E9	0x1406      	BSF        LCD_D4, BitPos(LCD_D4+0)
L__Lcd_Cmd37:
;__Lib_Lcd.c,38 :: 		
0x00EA	0x1836      	BTFSC      __Lib_Lcd_cmd_status, BitPos(__Lib_Lcd_cmd_status+0)
0x00EB	0x28EE      	GOTO       L__Lcd_Cmd38
0x00EC	0x1606      	BSF        LCD_RS, BitPos(LCD_RS+0)
0x00ED	0x28EF      	GOTO       L__Lcd_Cmd39
L__Lcd_Cmd38:
0x00EE	0x1206      	BCF        LCD_RS, BitPos(LCD_RS+0)
L__Lcd_Cmd39:
;__Lib_Lcd.c,40 :: 		
0x00EF	0x1686      	BSF        LCD_EN, BitPos(LCD_EN+0)
;__Lib_Lcd.c,41 :: 		
0x00F0	0x2091      	CALL       _Delay_1us
;__Lib_Lcd.c,42 :: 		
0x00F1	0x1286      	BCF        LCD_EN, BitPos(LCD_EN+0)
;__Lib_Lcd.c,44 :: 		
0x00F2	0x1C36      	BTFSS      __Lib_Lcd_cmd_status, BitPos(__Lib_Lcd_cmd_status+0)
0x00F3	0x28F6      	GOTO       L_Lcd_Cmd0
;__Lib_Lcd.c,45 :: 		
0x00F4	0x206A      	CALL       _Delay_5500us
0x00F5	0x28F7      	GOTO       L_Lcd_Cmd1
L_Lcd_Cmd0:
;__Lib_Lcd.c,47 :: 		
0x00F6	0x2094      	CALL       _Delay_50us
L_Lcd_Cmd1:
;__Lib_Lcd.c,48 :: 		
0x00F7	0x0008      	RETURN
; end of _Lcd_Cmd
_UART1_Data_Ready:
;__Lib_UART_c67.c,16 :: 		
;__Lib_UART_c67.c,17 :: 		
0x00F8	0x3000      	MOVLW      0
0x00F9	0x1283      	BCF        STATUS, 5
0x00FA	0x1303      	BCF        STATUS, 6
0x00FB	0x1A8C      	BTFSC      PIR1, 5
0x00FC	0x3001      	MOVLW      1
0x00FD	0x00F0      	MOVWF      R0
;__Lib_UART_c67.c,18 :: 		
0x00FE	0x0008      	RETURN
; end of _UART1_Data_Ready
_UART1_Init:
;__Lib_UART_c67.c,2 :: 		
;__Lib_UART_c67.c,5 :: 		
0x00FF	0x1683      	BSF        STATUS, 5
0x0100	0x1303      	BCF        STATUS, 6
0x0101	0x1698      	BSF        TXSTA, 5
;__Lib_UART_c67.c,6 :: 		
0x0102	0x3090      	MOVLW      144
0x0103	0x1283      	BCF        STATUS, 5
0x0104	0x0098      	MOVWF      RCSTA
;__Lib_UART_c67.c,7 :: 		
0x0105	0x1683      	BSF        STATUS, 5
0x0106	0x1787      	BSF        TRISC7_bit, 7
;__Lib_UART_c67.c,8 :: 		
0x0107	0x1307      	BCF        TRISC6_bit, 6
;__Lib_UART_c67.c,10 :: 		
L_UART1_Init0:
0x0108	0x1283      	BCF        STATUS, 5
0x0109	0x1E8C      	BTFSS      PIR1, 5
0x010A	0x290E      	GOTO       L_UART1_Init1
;__Lib_UART_c67.c,11 :: 		
0x010B	0x081A      	MOVF       RCREG, 0
0x010C	0x00F0      	MOVWF      R0
0x010D	0x2908      	GOTO       L_UART1_Init0
L_UART1_Init1:
;__Lib_UART_c67.c,12 :: 		
0x010E	0x0008      	RETURN
; end of _UART1_Init
_Delay_100ms:
;__Lib_Delays.c,51 :: 		void Delay_100ms() {
;__Lib_Delays.c,52 :: 		Delay_ms(100);
0x010F	0x3002      	MOVLW      2
0x0110	0x1283      	BCF        STATUS, 5
0x0111	0x1303      	BCF        STATUS, 6
0x0112	0x00FB      	MOVWF      R11
0x0113	0x3004      	MOVLW      4
0x0114	0x00FC      	MOVWF      R12
0x0115	0x30BA      	MOVLW      186
0x0116	0x00FD      	MOVWF      R13
L_Delay_100ms10:
0x0117	0x0BFD      	DECFSZ     R13, 1
0x0118	0x2917      	GOTO       L_Delay_100ms10
0x0119	0x0BFC      	DECFSZ     R12, 1
0x011A	0x2917      	GOTO       L_Delay_100ms10
0x011B	0x0BFB      	DECFSZ     R11, 1
0x011C	0x2917      	GOTO       L_Delay_100ms10
0x011D	0x0000      	NOP
;__Lib_Delays.c,53 :: 		}
0x011E	0x0008      	RETURN
; end of _Delay_100ms
_I2C1_Rd:
;__Lib_I2C_c34.c,42 :: 		
;__Lib_I2C_c34.c,45 :: 		
0x011F	0x1283      	BCF        STATUS, 5
0x0120	0x1303      	BCF        STATUS, 6
0x0121	0x118C      	BCF        PIR1, 3
;__Lib_I2C_c34.c,46 :: 		
0x0122	0x1683      	BSF        STATUS, 5
0x0123	0x1591      	BSF        SSPCON2, 3
;__Lib_I2C_c34.c,48 :: 		
L_I2C1_Rd12:
0x0124	0x1283      	BCF        STATUS, 5
0x0125	0x198C      	BTFSC      PIR1, 3
0x0126	0x2928      	GOTO       L_I2C1_Rd13
;__Lib_I2C_c34.c,49 :: 		
0x0127	0x2924      	GOTO       L_I2C1_Rd12
L_I2C1_Rd13:
;__Lib_I2C_c34.c,51 :: 		
0x0128	0x0813      	MOVF       SSPBUF, 0
0x0129	0x00F1      	MOVWF      R1
;__Lib_I2C_c34.c,52 :: 		
0x012A	0x084B      	MOVF       FARG_I2C1_Rd_ack, 0
0x012B	0x3A00      	XORLW      0
0x012C	0x1D03      	BTFSS      STATUS, 2
0x012D	0x2931      	GOTO       L_I2C1_Rd14
;__Lib_I2C_c34.c,53 :: 		
0x012E	0x1683      	BSF        STATUS, 5
0x012F	0x1691      	BSF        SSPCON2, 5
0x0130	0x2933      	GOTO       L_I2C1_Rd15
L_I2C1_Rd14:
0x0131	0x1683      	BSF        STATUS, 5
;__Lib_I2C_c34.c,55 :: 		
0x0132	0x1291      	BCF        SSPCON2, 5
L_I2C1_Rd15:
;__Lib_I2C_c34.c,57 :: 		
0x0133	0x1283      	BCF        STATUS, 5
0x0134	0x118C      	BCF        PIR1, 3
;__Lib_I2C_c34.c,58 :: 		
0x0135	0x1683      	BSF        STATUS, 5
0x0136	0x1611      	BSF        SSPCON2, 4
;__Lib_I2C_c34.c,60 :: 		
L_I2C1_Rd16:
0x0137	0x1283      	BCF        STATUS, 5
0x0138	0x198C      	BTFSC      PIR1, 3
0x0139	0x293B      	GOTO       L_I2C1_Rd17
;__Lib_I2C_c34.c,61 :: 		
0x013A	0x2937      	GOTO       L_I2C1_Rd16
L_I2C1_Rd17:
;__Lib_I2C_c34.c,63 :: 		
0x013B	0x0871      	MOVF       R1, 0
0x013C	0x00F0      	MOVWF      R0
;__Lib_I2C_c34.c,64 :: 		
0x013D	0x0008      	RETURN
; end of _I2C1_Rd
___CC2DW:
;__Lib_System.c,24 :: 		
;__Lib_System.c,27 :: 		
_CC2D_Loop1:
;__Lib_System.c,29 :: 		
0x013E	0x2053      	CALL       _____DoICP
0x013F	0x118A      	BCF        PCLATH, 3
0x0140	0x120A      	BCF        PCLATH, 4
;__Lib_System.c,31 :: 		
0x0141	0x0080      	MOVWF      INDF
;__Lib_System.c,32 :: 		
0x0142	0x0A84      	INCF       FSR, 1
;__Lib_System.c,33 :: 		
0x0143	0x0AA5      	INCF       ___DoICPAddr, 1
;__Lib_System.c,35 :: 		
0x0144	0x1903      	BTFSC      STATUS, 2
;__Lib_System.c,36 :: 		
0x0145	0x0AA6      	INCF       ___DoICPAddr+1, 1
;__Lib_System.c,37 :: 		
0x0146	0x03F0      	DECF       R0, 1
;__Lib_System.c,39 :: 		
0x0147	0x1D03      	BTFSS      STATUS, 2
;__Lib_System.c,40 :: 		
0x0148	0x293E      	GOTO       _CC2D_Loop1
;__Lib_System.c,42 :: 		
0x0149	0x0008      	RETURN
; end of ___CC2DW
_Data_Eeprom_Read:
;TP_memory.c,71 :: 		char * Data_Eeprom_Read(int item)
;TP_memory.c,75 :: 		char address = 0;
0x014A	0x1283      	BCF        STATUS, 5
0x014B	0x1303      	BCF        STATUS, 6
0x014C	0x01E5      	CLRF       Data_Eeprom_Read_address_L0
;TP_memory.c,76 :: 		address += (item*21);
0x014D	0x084B      	MOVF       FARG_Data_Eeprom_Read_item, 0
0x014E	0x00F0      	MOVWF      R0
0x014F	0x3015      	MOVLW      21
0x0150	0x00F4      	MOVWF      R4
0x0151	0x203A      	CALL       _Mul_8x8_U
0x0152	0x0870      	MOVF       R0, 0
0x0153	0x07E5      	ADDWF      Data_Eeprom_Read_address_L0, 1
;TP_memory.c,78 :: 		for (indice = 0; indice < 21; ++indice)
0x0154	0x01CD      	CLRF       Data_Eeprom_Read_indice_L0
0x0155	0x01CE      	CLRF       Data_Eeprom_Read_indice_L0+1
L_Data_Eeprom_Read2:
0x0156	0x3080      	MOVLW      128
0x0157	0x064E      	XORWF      Data_Eeprom_Read_indice_L0+1, 0
0x0158	0x00F0      	MOVWF      R0
0x0159	0x3080      	MOVLW      128
0x015A	0x0270      	SUBWF      R0, 0
0x015B	0x1D03      	BTFSS      STATUS, 2
0x015C	0x295F      	GOTO       L__Data_Eeprom_Read39
0x015D	0x3015      	MOVLW      21
0x015E	0x024D      	SUBWF      Data_Eeprom_Read_indice_L0, 0
L__Data_Eeprom_Read39:
0x015F	0x1803      	BTFSC      STATUS, 0
0x0160	0x297F      	GOTO       L_Data_Eeprom_Read3
;TP_memory.c,80 :: 		donnees[indice]=EEPROM_Read(address+indice);
0x0161	0x084D      	MOVF       Data_Eeprom_Read_indice_L0, 0
0x0162	0x3E4F      	ADDLW      Data_Eeprom_Read_donnees_L0
0x0163	0x00E6      	MOVWF      FLOC__Data_Eeprom_Read
0x0164	0x084D      	MOVF       Data_Eeprom_Read_indice_L0, 0
0x0165	0x0765      	ADDWF      Data_Eeprom_Read_address_L0, 0
0x0166	0x00E7      	MOVWF      FARG_EEPROM_Read_Address
0x0167	0x202E      	CALL       _EEPROM_Read
0x0168	0x1303      	BCF        STATUS, 6
0x0169	0x0866      	MOVF       FLOC__Data_Eeprom_Read, 0
0x016A	0x0084      	MOVWF      FSR
0x016B	0x0870      	MOVF       R0, 0
0x016C	0x0080      	MOVWF      INDF
;TP_memory.c,81 :: 		Delay_ms(250);
0x016D	0x3003      	MOVLW      3
0x016E	0x00FB      	MOVWF      R11
0x016F	0x308A      	MOVLW      138
0x0170	0x00FC      	MOVWF      R12
0x0171	0x3055      	MOVLW      85
0x0172	0x00FD      	MOVWF      R13
L_Data_Eeprom_Read5:
0x0173	0x0BFD      	DECFSZ     R13, 1
0x0174	0x2973      	GOTO       L_Data_Eeprom_Read5
0x0175	0x0BFC      	DECFSZ     R12, 1
0x0176	0x2973      	GOTO       L_Data_Eeprom_Read5
0x0177	0x0BFB      	DECFSZ     R11, 1
0x0178	0x2973      	GOTO       L_Data_Eeprom_Read5
0x0179	0x0000      	NOP
0x017A	0x0000      	NOP
;TP_memory.c,78 :: 		for (indice = 0; indice < 21; ++indice)
0x017B	0x0ACD      	INCF       Data_Eeprom_Read_indice_L0, 1
0x017C	0x1903      	BTFSC      STATUS, 2
0x017D	0x0ACE      	INCF       Data_Eeprom_Read_indice_L0+1, 1
;TP_memory.c,82 :: 		}
0x017E	0x2956      	GOTO       L_Data_Eeprom_Read2
L_Data_Eeprom_Read3:
;TP_memory.c,83 :: 		donnees[21]='\0';
0x017F	0x01E4      	CLRF       Data_Eeprom_Read_donnees_L0+21
;TP_memory.c,85 :: 		return donnees;
0x0180	0x304F      	MOVLW      Data_Eeprom_Read_donnees_L0
0x0181	0x00F0      	MOVWF      R0
;TP_memory.c,86 :: 		}
0x0182	0x0008      	RETURN
; end of _Data_Eeprom_Read
_UART1_Write_Text:
;__Lib_UART_c67.c,47 :: 		
;__Lib_UART_c67.c,48 :: 		
0x0183	0x1283      	BCF        STATUS, 5
0x0184	0x1303      	BCF        STATUS, 6
0x0185	0x01CD      	CLRF       UART1_Write_Text_counter_L0
;__Lib_UART_c67.c,50 :: 		
0x0186	0x084B      	MOVF       FARG_UART1_Write_Text_uart_text, 0
0x0187	0x0084      	MOVWF      FSR
0x0188	0x0800      	MOVF       INDF, 0
0x0189	0x00CC      	MOVWF      UART1_Write_Text_data__L0
;__Lib_UART_c67.c,51 :: 		
L_UART1_Write_Text5:
0x018A	0x084C      	MOVF       UART1_Write_Text_data__L0, 0
0x018B	0x3A00      	XORLW      0
0x018C	0x1903      	BTFSC      STATUS, 2
0x018D	0x2998      	GOTO       L_UART1_Write_Text6
;__Lib_UART_c67.c,52 :: 		
0x018E	0x084C      	MOVF       UART1_Write_Text_data__L0, 0
0x018F	0x00E7      	MOVWF      FARG_UART1_Write_data_
0x0190	0x2024      	CALL       _UART1_Write
;__Lib_UART_c67.c,53 :: 		
0x0191	0x0ACD      	INCF       UART1_Write_Text_counter_L0, 1
;__Lib_UART_c67.c,54 :: 		
0x0192	0x084D      	MOVF       UART1_Write_Text_counter_L0, 0
0x0193	0x074B      	ADDWF      FARG_UART1_Write_Text_uart_text, 0
0x0194	0x0084      	MOVWF      FSR
0x0195	0x0800      	MOVF       INDF, 0
0x0196	0x00CC      	MOVWF      UART1_Write_Text_data__L0
;__Lib_UART_c67.c,55 :: 		
0x0197	0x298A      	GOTO       L_UART1_Write_Text5
L_UART1_Write_Text6:
;__Lib_UART_c67.c,56 :: 		
0x0198	0x0008      	RETURN
; end of _UART1_Write_Text
_Data_Write:
;TP_memory.c,65 :: 		void Data_Write(char * lattitude, char * longitude)
;TP_memory.c,67 :: 		Data_Eeprom_Write(lattitude);
0x0199	0x1283      	BCF        STATUS, 5
0x019A	0x1303      	BCF        STATUS, 6
0x019B	0x084B      	MOVF       FARG_Data_Write_lattitude, 0
0x019C	0x00E7      	MOVWF      FARG_Data_Eeprom_Write_donnees
0x019D	0x2077      	CALL       _Data_Eeprom_Write
;TP_memory.c,68 :: 		Data_Eeprom_Write(longitude);
0x019E	0x084C      	MOVF       FARG_Data_Write_longitude, 0
0x019F	0x00E7      	MOVWF      FARG_Data_Eeprom_Write_donnees
0x01A0	0x2077      	CALL       _Data_Eeprom_Write
;TP_memory.c,69 :: 		}
0x01A1	0x0008      	RETURN
; end of _Data_Write
_I2C1_Stop:
;__Lib_I2C_c34.c,87 :: 		
;__Lib_I2C_c34.c,88 :: 		
0x01A2	0x1683      	BSF        STATUS, 5
0x01A3	0x1303      	BCF        STATUS, 6
0x01A4	0x1511      	BSF        SSPCON2, 2
;__Lib_I2C_c34.c,89 :: 		
0x01A5	0x0008      	RETURN
; end of _I2C1_Stop
_I2C1_Start:
;__Lib_I2C_c34.c,18 :: 		
;__Lib_I2C_c34.c,21 :: 		
0x01A6	0x1283      	BCF        STATUS, 5
0x01A7	0x1303      	BCF        STATUS, 6
0x01A8	0x01CB      	CLRF       I2C1_Start_j_L0
0x01A9	0x01CC      	CLRF       I2C1_Start_j_L0+1
L_I2C1_Start2:
0x01AA	0x084C      	MOVF       I2C1_Start_j_L0+1, 0
0x01AB	0x3C12      	SUBLW      18
0x01AC	0x1D03      	BTFSS      STATUS, 2
0x01AD	0x29B0      	GOTO       L__I2C1_Start24
0x01AE	0x084B      	MOVF       I2C1_Start_j_L0, 0
0x01AF	0x3C8E      	SUBLW      142
L__I2C1_Start24:
0x01B0	0x1C03      	BTFSS      STATUS, 0
0x01B1	0x29BC      	GOTO       L_I2C1_Start3
;__Lib_I2C_c34.c,22 :: 		
0x01B2	0x205A      	CALL       _I2C1_Is_Idle
0x01B3	0x0870      	MOVF       R0, 0
0x01B4	0x1903      	BTFSC      STATUS, 2
0x01B5	0x29B7      	GOTO       L_I2C1_Start5
;__Lib_I2C_c34.c,23 :: 		
0x01B6	0x29BC      	GOTO       L_I2C1_Start3
L_I2C1_Start5:
;__Lib_I2C_c34.c,21 :: 		
0x01B7	0x1283      	BCF        STATUS, 5
0x01B8	0x0ACB      	INCF       I2C1_Start_j_L0, 1
0x01B9	0x1903      	BTFSC      STATUS, 2
0x01BA	0x0ACC      	INCF       I2C1_Start_j_L0+1, 1
;__Lib_I2C_c34.c,24 :: 		
0x01BB	0x29AA      	GOTO       L_I2C1_Start2
L_I2C1_Start3:
0x01BC	0x1283      	BCF        STATUS, 5
;__Lib_I2C_c34.c,26 :: 		
0x01BD	0x3012      	MOVLW      18
0x01BE	0x024C      	SUBWF      I2C1_Start_j_L0+1, 0
0x01BF	0x1D03      	BTFSS      STATUS, 2
0x01C0	0x29C3      	GOTO       L__I2C1_Start25
0x01C1	0x308F      	MOVLW      143
0x01C2	0x024B      	SUBWF      I2C1_Start_j_L0, 0
L__I2C1_Start25:
0x01C3	0x1C03      	BTFSS      STATUS, 0
0x01C4	0x29C8      	GOTO       L_I2C1_Start6
;__Lib_I2C_c34.c,27 :: 		
0x01C5	0x307B      	MOVLW      123
0x01C6	0x00F0      	MOVWF      R0
0x01C7	0x0008      	RETURN
L_I2C1_Start6:
0x01C8	0x1683      	BSF        STATUS, 5
;__Lib_I2C_c34.c,29 :: 		
0x01C9	0x1411      	BSF        SSPCON2, 0
;__Lib_I2C_c34.c,30 :: 		
L_I2C1_Start8:
0x01CA	0x1C11      	BTFSS      SSPCON2, 0
0x01CB	0x29CD      	GOTO       L_I2C1_Start9
;__Lib_I2C_c34.c,31 :: 		
0x01CC	0x29CA      	GOTO       L_I2C1_Start8
L_I2C1_Start9:
;__Lib_I2C_c34.c,32 :: 		
0x01CD	0x01F0      	CLRF       R0
;__Lib_I2C_c34.c,34 :: 		
0x01CE	0x0008      	RETURN
; end of _I2C1_Start
_Lcd_Init:
;__Lib_Lcd.c,84 :: 		
;__Lib_Lcd.c,86 :: 		
0x01CF	0x1683      	BSF        STATUS, 5
0x01D0	0x1303      	BCF        STATUS, 6
0x01D1	0x1286      	BCF        LCD_EN_Direction, BitPos(LCD_EN_Direction+0)
;__Lib_Lcd.c,87 :: 		
0x01D2	0x1206      	BCF        LCD_RS_Direction, BitPos(LCD_RS_Direction+0)
;__Lib_Lcd.c,88 :: 		
0x01D3	0x1006      	BCF        LCD_D4_Direction, BitPos(LCD_D4_Direction+0)
;__Lib_Lcd.c,89 :: 		
0x01D4	0x1086      	BCF        LCD_D5_Direction, BitPos(LCD_D5_Direction+0)
;__Lib_Lcd.c,90 :: 		
0x01D5	0x1106      	BCF        LCD_D6_Direction, BitPos(LCD_D6_Direction+0)
;__Lib_Lcd.c,91 :: 		
0x01D6	0x1186      	BCF        LCD_D7_Direction, BitPos(LCD_D7_Direction+0)
;__Lib_Lcd.c,93 :: 		
0x01D7	0x1283      	BCF        STATUS, 5
0x01D8	0x1286      	BCF        LCD_EN, BitPos(LCD_EN+0)
;__Lib_Lcd.c,94 :: 		
0x01D9	0x1206      	BCF        LCD_RS, BitPos(LCD_RS+0)
;__Lib_Lcd.c,95 :: 		
0x01DA	0x1186      	BCF        LCD_D7, BitPos(LCD_D7+0)
;__Lib_Lcd.c,96 :: 		
0x01DB	0x1106      	BCF        LCD_D6, BitPos(LCD_D6+0)
;__Lib_Lcd.c,97 :: 		
0x01DC	0x1086      	BCF        LCD_D5, BitPos(LCD_D5+0)
;__Lib_Lcd.c,98 :: 		
0x01DD	0x1006      	BCF        LCD_D4, BitPos(LCD_D4+0)
;__Lib_Lcd.c,100 :: 		
0x01DE	0x206A      	CALL       _Delay_5500us
;__Lib_Lcd.c,101 :: 		
0x01DF	0x206A      	CALL       _Delay_5500us
;__Lib_Lcd.c,102 :: 		
0x01E0	0x206A      	CALL       _Delay_5500us
;__Lib_Lcd.c,105 :: 		
0x01E1	0x1486      	BSF        LCD_D5, BitPos(LCD_D5+0)
;__Lib_Lcd.c,106 :: 		
0x01E2	0x1406      	BSF        LCD_D4, BitPos(LCD_D4+0)
;__Lib_Lcd.c,107 :: 		
0x01E3	0x1686      	BSF        LCD_EN, BitPos(LCD_EN+0)
;__Lib_Lcd.c,108 :: 		
0x01E4	0x2091      	CALL       _Delay_1us
;__Lib_Lcd.c,109 :: 		
0x01E5	0x1286      	BCF        LCD_EN, BitPos(LCD_EN+0)
;__Lib_Lcd.c,110 :: 		
0x01E6	0x206A      	CALL       _Delay_5500us
;__Lib_Lcd.c,112 :: 		
0x01E7	0x1686      	BSF        LCD_EN, BitPos(LCD_EN+0)
;__Lib_Lcd.c,113 :: 		
0x01E8	0x2091      	CALL       _Delay_1us
;__Lib_Lcd.c,114 :: 		
0x01E9	0x1286      	BCF        LCD_EN, BitPos(LCD_EN+0)
;__Lib_Lcd.c,115 :: 		
0x01EA	0x206A      	CALL       _Delay_5500us
;__Lib_Lcd.c,117 :: 		
0x01EB	0x1686      	BSF        LCD_EN, BitPos(LCD_EN+0)
;__Lib_Lcd.c,118 :: 		
0x01EC	0x2091      	CALL       _Delay_1us
;__Lib_Lcd.c,119 :: 		
0x01ED	0x1286      	BCF        LCD_EN, BitPos(LCD_EN+0)
;__Lib_Lcd.c,120 :: 		
0x01EE	0x206A      	CALL       _Delay_5500us
;__Lib_Lcd.c,123 :: 		
0x01EF	0x1006      	BCF        LCD_D4, BitPos(LCD_D4+0)
;__Lib_Lcd.c,124 :: 		
0x01F0	0x1686      	BSF        LCD_EN, BitPos(LCD_EN+0)
;__Lib_Lcd.c,125 :: 		
0x01F1	0x2091      	CALL       _Delay_1us
;__Lib_Lcd.c,126 :: 		
0x01F2	0x1286      	BCF        LCD_EN, BitPos(LCD_EN+0)
;__Lib_Lcd.c,127 :: 		
0x01F3	0x206A      	CALL       _Delay_5500us
;__Lib_Lcd.c,130 :: 		
0x01F4	0x1686      	BSF        LCD_EN, BitPos(LCD_EN+0)
;__Lib_Lcd.c,131 :: 		
0x01F5	0x2091      	CALL       _Delay_1us
;__Lib_Lcd.c,132 :: 		
0x01F6	0x1286      	BCF        LCD_EN, BitPos(LCD_EN+0)
;__Lib_Lcd.c,134 :: 		
0x01F7	0x1086      	BCF        LCD_D5, BitPos(LCD_D5+0)
;__Lib_Lcd.c,135 :: 		
0x01F8	0x1586      	BSF        LCD_D7, BitPos(LCD_D7+0)
;__Lib_Lcd.c,136 :: 		
0x01F9	0x1686      	BSF        LCD_EN, BitPos(LCD_EN+0)
;__Lib_Lcd.c,137 :: 		
0x01FA	0x2091      	CALL       _Delay_1us
;__Lib_Lcd.c,138 :: 		
0x01FB	0x1286      	BCF        LCD_EN, BitPos(LCD_EN+0)
;__Lib_Lcd.c,139 :: 		
0x01FC	0x206A      	CALL       _Delay_5500us
;__Lib_Lcd.c,142 :: 		
0x01FD	0x1186      	BCF        LCD_D7, BitPos(LCD_D7+0)
;__Lib_Lcd.c,143 :: 		
0x01FE	0x1406      	BSF        LCD_D4, BitPos(LCD_D4+0)
;__Lib_Lcd.c,144 :: 		
0x01FF	0x1686      	BSF        LCD_EN, BitPos(LCD_EN+0)
;__Lib_Lcd.c,145 :: 		
0x0200	0x2091      	CALL       _Delay_1us
;__Lib_Lcd.c,146 :: 		
0x0201	0x1286      	BCF        LCD_EN, BitPos(LCD_EN+0)
;__Lib_Lcd.c,148 :: 		
0x0202	0x1006      	BCF        LCD_D4, BitPos(LCD_D4+0)
;__Lib_Lcd.c,149 :: 		
0x0203	0x1686      	BSF        LCD_EN, BitPos(LCD_EN+0)
;__Lib_Lcd.c,150 :: 		
0x0204	0x2091      	CALL       _Delay_1us
;__Lib_Lcd.c,151 :: 		
0x0205	0x1286      	BCF        LCD_EN, BitPos(LCD_EN+0)
;__Lib_Lcd.c,152 :: 		
0x0206	0x206A      	CALL       _Delay_5500us
;__Lib_Lcd.c,155 :: 		
0x0207	0x1686      	BSF        LCD_EN, BitPos(LCD_EN+0)
;__Lib_Lcd.c,156 :: 		
0x0208	0x2091      	CALL       _Delay_1us
;__Lib_Lcd.c,157 :: 		
0x0209	0x1286      	BCF        LCD_EN, BitPos(LCD_EN+0)
;__Lib_Lcd.c,159 :: 		
0x020A	0x1406      	BSF        LCD_D4, BitPos(LCD_D4+0)
;__Lib_Lcd.c,160 :: 		
0x020B	0x1686      	BSF        LCD_EN, BitPos(LCD_EN+0)
;__Lib_Lcd.c,161 :: 		
0x020C	0x2091      	CALL       _Delay_1us
;__Lib_Lcd.c,162 :: 		
0x020D	0x1286      	BCF        LCD_EN, BitPos(LCD_EN+0)
;__Lib_Lcd.c,163 :: 		
0x020E	0x206A      	CALL       _Delay_5500us
;__Lib_Lcd.c,166 :: 		
0x020F	0x1006      	BCF        LCD_D4, BitPos(LCD_D4+0)
;__Lib_Lcd.c,167 :: 		
0x0210	0x1686      	BSF        LCD_EN, BitPos(LCD_EN+0)
;__Lib_Lcd.c,168 :: 		
0x0211	0x2091      	CALL       _Delay_1us
;__Lib_Lcd.c,169 :: 		
0x0212	0x1286      	BCF        LCD_EN, BitPos(LCD_EN+0)
;__Lib_Lcd.c,171 :: 		
0x0213	0x1586      	BSF        LCD_D7, BitPos(LCD_D7+0)
;__Lib_Lcd.c,172 :: 		
0x0214	0x1506      	BSF        LCD_D6, BitPos(LCD_D6+0)
;__Lib_Lcd.c,173 :: 		
0x0215	0x1486      	BSF        LCD_D5, BitPos(LCD_D5+0)
;__Lib_Lcd.c,174 :: 		
0x0216	0x1406      	BSF        LCD_D4, BitPos(LCD_D4+0)
;__Lib_Lcd.c,175 :: 		
0x0217	0x1686      	BSF        LCD_EN, BitPos(LCD_EN+0)
;__Lib_Lcd.c,176 :: 		
0x0218	0x2091      	CALL       _Delay_1us
;__Lib_Lcd.c,177 :: 		
0x0219	0x1286      	BCF        LCD_EN, BitPos(LCD_EN+0)
;__Lib_Lcd.c,179 :: 		
0x021A	0x206A      	CALL       _Delay_5500us
;__Lib_Lcd.c,181 :: 		
0x021B	0x1436      	BSF        __Lib_Lcd_cmd_status, BitPos(__Lib_Lcd_cmd_status+0)
;__Lib_Lcd.c,182 :: 		
0x021C	0x0008      	RETURN
; end of _Lcd_Init
_UART1_Read:
;__Lib_UART_c67.c,21 :: 		
;__Lib_UART_c67.c,24 :: 		
0x021D	0x1283      	BCF        STATUS, 5
0x021E	0x1303      	BCF        STATUS, 6
0x021F	0x081A      	MOVF       RCREG, 0
0x0220	0x00F1      	MOVWF      R1
;__Lib_UART_c67.c,25 :: 		
0x0221	0x1C98      	BTFSS      RCSTA, 1
0x0222	0x2A25      	GOTO       L_UART1_Read2
;__Lib_UART_c67.c,26 :: 		
0x0223	0x1218      	BCF        RCSTA, 4
;__Lib_UART_c67.c,27 :: 		
0x0224	0x1618      	BSF        RCSTA, 4
;__Lib_UART_c67.c,28 :: 		
L_UART1_Read2:
;__Lib_UART_c67.c,29 :: 		
0x0225	0x0871      	MOVF       R1, 0
0x0226	0x00F0      	MOVWF      R0
;__Lib_UART_c67.c,30 :: 		
0x0227	0x0008      	RETURN
; end of _UART1_Read
_I2C1_Init:
;__Lib_I2C_c34.c,2 :: 		
;__Lib_I2C_c34.c,3 :: 		
0x0228	0x1683      	BSF        STATUS, 5
0x0229	0x1303      	BCF        STATUS, 6
0x022A	0x1314      	BCF        SSPSTAT, 6
;__Lib_I2C_c34.c,4 :: 		
0x022B	0x1394      	BCF        SSPSTAT, 7
;__Lib_I2C_c34.c,5 :: 		
0x022C	0x1607      	BSF        TRISC4_bit, 4
;__Lib_I2C_c34.c,6 :: 		
0x022D	0x1587      	BSF        TRISC3_bit, 3
;__Lib_I2C_c34.c,7 :: 		
0x022E	0x3038      	MOVLW      56
0x022F	0x1283      	BCF        STATUS, 5
0x0230	0x0094      	MOVWF      SSPCON
;__Lib_I2C_c34.c,9 :: 		
0x0231	0x0008      	RETURN
; end of _I2C1_Init
_main:
0x0232	0x1283      	BCF        STATUS, 5
0x0233	0x1303      	BCF        STATUS, 6
0x0234	0x01A0      	CLRF       _adresse
0x0235	0x01A1      	CLRF       _longitude_ptr
0x0236	0x01A2      	CLRF       34
0x0237	0x01A3      	CLRF       _lattitude_ptr
0x0238	0x01A4      	CLRF       36
;TP_memory.c,99 :: 		void main()
;TP_memory.c,101 :: 		char good_trame = 0;
0x0239	0x01C9      	CLRF       main_good_trame_L0
0x023A	0x01CA      	CLRF       main_g_counter_L0
;TP_memory.c,105 :: 		UART1_Init(9600);               // Initialize UART module at 9600 bps
0x023B	0x3033      	MOVLW      51
0x023C	0x1683      	BSF        STATUS, 5
0x023D	0x0099      	MOVWF      SPBRG
0x023E	0x1518      	BSF        TXSTA, 2
0x023F	0x20FF      	CALL       _UART1_Init
;TP_memory.c,106 :: 		Delay_ms(100);                  // Wait for UART module to stabilize
0x0240	0x3002      	MOVLW      2
0x0241	0x00FB      	MOVWF      R11
0x0242	0x3004      	MOVLW      4
0x0243	0x00FC      	MOVWF      R12
0x0244	0x30BA      	MOVLW      186
0x0245	0x00FD      	MOVWF      R13
L_main8:
0x0246	0x0BFD      	DECFSZ     R13, 1
0x0247	0x2A46      	GOTO       L_main8
0x0248	0x0BFC      	DECFSZ     R12, 1
0x0249	0x2A46      	GOTO       L_main8
0x024A	0x0BFB      	DECFSZ     R11, 1
0x024B	0x2A46      	GOTO       L_main8
0x024C	0x0000      	NOP
;TP_memory.c,116 :: 		Lcd_Init();                        // Initialize LCD
0x024D	0x21CF      	CALL       _Lcd_Init
;TP_memory.c,118 :: 		Lcd_Cmd(_LCD_CLEAR);               // Clear display
0x024E	0x3001      	MOVLW      1
0x024F	0x00CB      	MOVWF      FARG_Lcd_Cmd_out_char
0x0250	0x20B8      	CALL       _Lcd_Cmd
;TP_memory.c,119 :: 		Lcd_Cmd(_LCD_CURSOR_OFF);          // Cursor off
0x0251	0x300C      	MOVLW      12
0x0252	0x00CB      	MOVWF      FARG_Lcd_Cmd_out_char
0x0253	0x20B8      	CALL       _Lcd_Cmd
;TP_memory.c,121 :: 		counter = 0;
0x0254	0x01C7      	CLRF       _counter
0x0255	0x01C8      	CLRF       _counter+1
;TP_memory.c,129 :: 		I2C1_Init(100000);         // initialize I2C communication
0x0256	0x3014      	MOVLW      20
0x0257	0x1683      	BSF        STATUS, 5
0x0258	0x0093      	MOVWF      SSPADD
0x0259	0x2228      	CALL       _I2C1_Init
;TP_memory.c,130 :: 		I2C1_Start();              // issue I2C start signal
0x025A	0x21A6      	CALL       _I2C1_Start
;TP_memory.c,131 :: 		I2C1_Wr(0xA2);             // send byte via I2C  (device address + W)
0x025B	0x30A2      	MOVLW      162
0x025C	0x1283      	BCF        STATUS, 5
0x025D	0x1303      	BCF        STATUS, 6
0x025E	0x00CB      	MOVWF      FARG_I2C1_Wr_data_
0x025F	0x209B      	CALL       _I2C1_Wr
;TP_memory.c,132 :: 		I2C1_Wr(0x02);             // send byte (address of EEPROM location)
0x0260	0x3002      	MOVLW      2
0x0261	0x1283      	BCF        STATUS, 5
0x0262	0x00CB      	MOVWF      FARG_I2C1_Wr_data_
0x0263	0x209B      	CALL       _I2C1_Wr
;TP_memory.c,133 :: 		I2C1_Wr(0x4A);             // send data (data to be written)
0x0264	0x304A      	MOVLW      74
0x0265	0x1283      	BCF        STATUS, 5
0x0266	0x00CB      	MOVWF      FARG_I2C1_Wr_data_
0x0267	0x209B      	CALL       _I2C1_Wr
;TP_memory.c,134 :: 		I2C1_Stop();               // issue I2C stop signal
0x0268	0x21A2      	CALL       _I2C1_Stop
;TP_memory.c,136 :: 		Delay_100ms();
0x0269	0x210F      	CALL       _Delay_100ms
;TP_memory.c,138 :: 		I2C1_Start();              // issue I2C start signal
0x026A	0x21A6      	CALL       _I2C1_Start
;TP_memory.c,139 :: 		I2C1_Wr(0xA2);             // send byte via I2C  (device address + W)
0x026B	0x30A2      	MOVLW      162
0x026C	0x1283      	BCF        STATUS, 5
0x026D	0x1303      	BCF        STATUS, 6
0x026E	0x00CB      	MOVWF      FARG_I2C1_Wr_data_
0x026F	0x209B      	CALL       _I2C1_Wr
;TP_memory.c,140 :: 		I2C1_Wr(2);                // send byte (data address)
0x0270	0x3002      	MOVLW      2
0x0271	0x1283      	BCF        STATUS, 5
0x0272	0x00CB      	MOVWF      FARG_I2C1_Wr_data_
0x0273	0x209B      	CALL       _I2C1_Wr
;TP_memory.c,141 :: 		I2C1_Repeated_Start();     // issue I2C signal repeated start
0x0274	0x20B1      	CALL       _I2C1_Repeated_Start
;TP_memory.c,142 :: 		I2C1_Wr(0xA3);             // send byte (device address + R)
0x0275	0x30A3      	MOVLW      163
0x0276	0x1283      	BCF        STATUS, 5
0x0277	0x00CB      	MOVWF      FARG_I2C1_Wr_data_
0x0278	0x209B      	CALL       _I2C1_Wr
;TP_memory.c,143 :: 		UART1_Write(I2C1_Rd(0u));       // Read the data (NO acknowledge)
0x0279	0x1283      	BCF        STATUS, 5
0x027A	0x01CB      	CLRF       FARG_I2C1_Rd_ack
0x027B	0x211F      	CALL       _I2C1_Rd
0x027C	0x0870      	MOVF       R0, 0
0x027D	0x00E7      	MOVWF      FARG_UART1_Write_data_
0x027E	0x2024      	CALL       _UART1_Write
;TP_memory.c,144 :: 		I2C1_Stop();               // issue I2C stop signal
0x027F	0x21A2      	CALL       _I2C1_Stop
;TP_memory.c,148 :: 		while (1)
L_main9:
;TP_memory.c,150 :: 		if (UART1_Data_Ready())      // If data is received,
0x0280	0x20F8      	CALL       _UART1_Data_Ready
0x0281	0x0870      	MOVF       R0, 0
0x0282	0x1903      	BTFSC      STATUS, 2
0x0283	0x2B51      	GOTO       L_main11
;TP_memory.c,152 :: 		uart_rd = UART1_Read();     // read the received data,
0x0284	0x221D      	CALL       _UART1_Read
0x0285	0x0870      	MOVF       R0, 0
0x0286	0x00C6      	MOVWF      _uart_rd
;TP_memory.c,154 :: 		if (uart_rd == '$')         // if we read a gps frame
0x0287	0x0870      	MOVF       R0, 0
0x0288	0x3A24      	XORLW      36
0x0289	0x1D03      	BTFSS      STATUS, 2
0x028A	0x2A99      	GOTO       L_main12
;TP_memory.c,156 :: 		counter = 0;          // counter initialization
0x028B	0x01C7      	CLRF       _counter
0x028C	0x01C8      	CLRF       _counter+1
;TP_memory.c,157 :: 		UART1_Write(13);
0x028D	0x300D      	MOVLW      13
0x028E	0x00E7      	MOVWF      FARG_UART1_Write_data_
0x028F	0x2024      	CALL       _UART1_Write
;TP_memory.c,158 :: 		UART1_Write(10);
0x0290	0x300A      	MOVLW      10
0x0291	0x00E7      	MOVWF      FARG_UART1_Write_data_
0x0292	0x2024      	CALL       _UART1_Write
;TP_memory.c,159 :: 		lattitude_ptr = 0;
0x0293	0x01A3      	CLRF       _lattitude_ptr
0x0294	0x01A4      	CLRF       _lattitude_ptr+1
;TP_memory.c,160 :: 		longitude_ptr = 0;
0x0295	0x01A1      	CLRF       _longitude_ptr
0x0296	0x01A2      	CLRF       _longitude_ptr+1
;TP_memory.c,161 :: 		g_counter = 0;
0x0297	0x01CA      	CLRF       main_g_counter_L0
;TP_memory.c,162 :: 		good_trame = 0;
0x0298	0x01C9      	CLRF       main_good_trame_L0
;TP_memory.c,163 :: 		}
L_main12:
;TP_memory.c,165 :: 		if( uart_rd == 'G')
0x0299	0x0846      	MOVF       _uart_rd, 0
0x029A	0x3A47      	XORLW      71
0x029B	0x1D03      	BTFSS      STATUS, 2
0x029C	0x2A9E      	GOTO       L_main13
;TP_memory.c,167 :: 		++g_counter;
0x029D	0x0ACA      	INCF       main_g_counter_L0, 1
;TP_memory.c,168 :: 		}
L_main13:
;TP_memory.c,170 :: 		if (g_counter == 3 && counter == 0)
0x029E	0x084A      	MOVF       main_g_counter_L0, 0
0x029F	0x3A03      	XORLW      3
0x02A0	0x1D03      	BTFSS      STATUS, 2
0x02A1	0x2AAC      	GOTO       L_main16
0x02A2	0x3000      	MOVLW      0
0x02A3	0x0648      	XORWF      _counter+1, 0
0x02A4	0x1D03      	BTFSS      STATUS, 2
0x02A5	0x2AA8      	GOTO       L__main40
0x02A6	0x3000      	MOVLW      0
0x02A7	0x0647      	XORWF      _counter, 0
L__main40:
0x02A8	0x1D03      	BTFSS      STATUS, 2
0x02A9	0x2AAC      	GOTO       L_main16
L__main38:
;TP_memory.c,172 :: 		good_trame = 1;
0x02AA	0x3001      	MOVLW      1
0x02AB	0x00C9      	MOVWF      main_good_trame_L0
;TP_memory.c,173 :: 		}
L_main16:
;TP_memory.c,175 :: 		if (uart_rd == ',')        // word separation symbole
0x02AC	0x0846      	MOVF       _uart_rd, 0
0x02AD	0x3A2C      	XORLW      44
0x02AE	0x1D03      	BTFSS      STATUS, 2
0x02AF	0x2AC1      	GOTO       L_main17
;TP_memory.c,177 :: 		++counter;             // update counter
0x02B0	0x0AC7      	INCF       _counter, 1
0x02B1	0x1903      	BTFSC      STATUS, 2
0x02B2	0x0AC8      	INCF       _counter+1, 1
;TP_memory.c,178 :: 		if (counter == 4)        // add space between results
0x02B3	0x3000      	MOVLW      0
0x02B4	0x0648      	XORWF      _counter+1, 0
0x02B5	0x1D03      	BTFSS      STATUS, 2
0x02B6	0x2AB9      	GOTO       L__main41
0x02B7	0x3004      	MOVLW      4
0x02B8	0x0647      	XORWF      _counter, 0
L__main41:
0x02B9	0x1D03      	BTFSS      STATUS, 2
0x02BA	0x2AC1      	GOTO       L_main18
;TP_memory.c,180 :: 		UART1_Write(13);
0x02BB	0x300D      	MOVLW      13
0x02BC	0x00E7      	MOVWF      FARG_UART1_Write_data_
0x02BD	0x2024      	CALL       _UART1_Write
;TP_memory.c,181 :: 		UART1_Write(10);
0x02BE	0x300A      	MOVLW      10
0x02BF	0x00E7      	MOVWF      FARG_UART1_Write_data_
0x02C0	0x2024      	CALL       _UART1_Write
;TP_memory.c,182 :: 		}
L_main18:
;TP_memory.c,183 :: 		}
L_main17:
;TP_memory.c,185 :: 		if (good_trame)
0x02C1	0x0849      	MOVF       main_good_trame_L0, 0
0x02C2	0x1903      	BTFSC      STATUS, 2
0x02C3	0x2B51      	GOTO       L_main19
;TP_memory.c,188 :: 		if (counter == 2 && uart_rd != ',')      // lattitude data
0x02C4	0x3000      	MOVLW      0
0x02C5	0x0648      	XORWF      _counter+1, 0
0x02C6	0x1D03      	BTFSS      STATUS, 2
0x02C7	0x2ACA      	GOTO       L__main42
0x02C8	0x3002      	MOVLW      2
0x02C9	0x0647      	XORWF      _counter, 0
L__main42:
0x02CA	0x1D03      	BTFSS      STATUS, 2
0x02CB	0x2ADB      	GOTO       L_main22
0x02CC	0x0846      	MOVF       _uart_rd, 0
0x02CD	0x3A2C      	XORLW      44
0x02CE	0x1903      	BTFSC      STATUS, 2
0x02CF	0x2ADB      	GOTO       L_main22
L__main37:
;TP_memory.c,190 :: 		UART1_Write(uart_rd);
0x02D0	0x0846      	MOVF       _uart_rd, 0
0x02D1	0x00E7      	MOVWF      FARG_UART1_Write_data_
0x02D2	0x2024      	CALL       _UART1_Write
;TP_memory.c,191 :: 		lattitude[lattitude_ptr++] = uart_rd;
0x02D3	0x0823      	MOVF       _lattitude_ptr, 0
0x02D4	0x3E27      	ADDLW      _lattitude
0x02D5	0x0084      	MOVWF      FSR
0x02D6	0x0846      	MOVF       _uart_rd, 0
0x02D7	0x0080      	MOVWF      INDF
0x02D8	0x0AA3      	INCF       _lattitude_ptr, 1
0x02D9	0x1903      	BTFSC      STATUS, 2
0x02DA	0x0AA4      	INCF       _lattitude_ptr+1, 1
;TP_memory.c,192 :: 		}
L_main22:
;TP_memory.c,194 :: 		if (counter == 3 && uart_rd != ',')      // lattitude hemisphere indicator (N or S)
0x02DB	0x3000      	MOVLW      0
0x02DC	0x0648      	XORWF      _counter+1, 0
0x02DD	0x1D03      	BTFSS      STATUS, 2
0x02DE	0x2AE1      	GOTO       L__main43
0x02DF	0x3003      	MOVLW      3
0x02E0	0x0647      	XORWF      _counter, 0
L__main43:
0x02E1	0x1D03      	BTFSS      STATUS, 2
0x02E2	0x2AF9      	GOTO       L_main25
0x02E3	0x0846      	MOVF       _uart_rd, 0
0x02E4	0x3A2C      	XORLW      44
0x02E5	0x1903      	BTFSC      STATUS, 2
0x02E6	0x2AF9      	GOTO       L_main25
L__main36:
;TP_memory.c,196 :: 		UART1_Write(uart_rd);
0x02E7	0x0846      	MOVF       _uart_rd, 0
0x02E8	0x00E7      	MOVWF      FARG_UART1_Write_data_
0x02E9	0x2024      	CALL       _UART1_Write
;TP_memory.c,197 :: 		lattitude[lattitude_ptr++] = uart_rd;
0x02EA	0x0823      	MOVF       _lattitude_ptr, 0
0x02EB	0x3E27      	ADDLW      _lattitude
0x02EC	0x0084      	MOVWF      FSR
0x02ED	0x0846      	MOVF       _uart_rd, 0
0x02EE	0x0080      	MOVWF      INDF
0x02EF	0x0AA3      	INCF       _lattitude_ptr, 1
0x02F0	0x1903      	BTFSC      STATUS, 2
0x02F1	0x0AA4      	INCF       _lattitude_ptr+1, 1
;TP_memory.c,198 :: 		lattitude[lattitude_ptr++] = '\0';
0x02F2	0x0823      	MOVF       _lattitude_ptr, 0
0x02F3	0x3E27      	ADDLW      _lattitude
0x02F4	0x0084      	MOVWF      FSR
0x02F5	0x0180      	CLRF       INDF
0x02F6	0x0AA3      	INCF       _lattitude_ptr, 1
0x02F7	0x1903      	BTFSC      STATUS, 2
0x02F8	0x0AA4      	INCF       _lattitude_ptr+1, 1
;TP_memory.c,199 :: 		}
L_main25:
;TP_memory.c,201 :: 		if (counter == 4 && uart_rd != ',')      // longitude data
0x02F9	0x3000      	MOVLW      0
0x02FA	0x0648      	XORWF      _counter+1, 0
0x02FB	0x1D03      	BTFSS      STATUS, 2
0x02FC	0x2AFF      	GOTO       L__main44
0x02FD	0x3004      	MOVLW      4
0x02FE	0x0647      	XORWF      _counter, 0
L__main44:
0x02FF	0x1D03      	BTFSS      STATUS, 2
0x0300	0x2B10      	GOTO       L_main28
0x0301	0x0846      	MOVF       _uart_rd, 0
0x0302	0x3A2C      	XORLW      44
0x0303	0x1903      	BTFSC      STATUS, 2
0x0304	0x2B10      	GOTO       L_main28
L__main35:
;TP_memory.c,203 :: 		UART1_Write(uart_rd);
0x0305	0x0846      	MOVF       _uart_rd, 0
0x0306	0x00E7      	MOVWF      FARG_UART1_Write_data_
0x0307	0x2024      	CALL       _UART1_Write
;TP_memory.c,204 :: 		longitude[longitude_ptr++] = uart_rd;
0x0308	0x0821      	MOVF       _longitude_ptr, 0
0x0309	0x3E37      	ADDLW      _longitude
0x030A	0x0084      	MOVWF      FSR
0x030B	0x0846      	MOVF       _uart_rd, 0
0x030C	0x0080      	MOVWF      INDF
0x030D	0x0AA1      	INCF       _longitude_ptr, 1
0x030E	0x1903      	BTFSC      STATUS, 2
0x030F	0x0AA2      	INCF       _longitude_ptr+1, 1
;TP_memory.c,205 :: 		}
L_main28:
;TP_memory.c,207 :: 		if (counter == 5 && uart_rd != ',')      //   longitude hemisphere indicator (E or W)
0x0310	0x3000      	MOVLW      0
0x0311	0x0648      	XORWF      _counter+1, 0
0x0312	0x1D03      	BTFSS      STATUS, 2
0x0313	0x2B16      	GOTO       L__main45
0x0314	0x3005      	MOVLW      5
0x0315	0x0647      	XORWF      _counter, 0
L__main45:
0x0316	0x1D03      	BTFSS      STATUS, 2
0x0317	0x2B2E      	GOTO       L_main31
0x0318	0x0846      	MOVF       _uart_rd, 0
0x0319	0x3A2C      	XORLW      44
0x031A	0x1903      	BTFSC      STATUS, 2
0x031B	0x2B2E      	GOTO       L_main31
L__main34:
;TP_memory.c,209 :: 		UART1_Write(uart_rd);
0x031C	0x0846      	MOVF       _uart_rd, 0
0x031D	0x00E7      	MOVWF      FARG_UART1_Write_data_
0x031E	0x2024      	CALL       _UART1_Write
;TP_memory.c,210 :: 		longitude[longitude_ptr++] = uart_rd;
0x031F	0x0821      	MOVF       _longitude_ptr, 0
0x0320	0x3E37      	ADDLW      _longitude
0x0321	0x0084      	MOVWF      FSR
0x0322	0x0846      	MOVF       _uart_rd, 0
0x0323	0x0080      	MOVWF      INDF
0x0324	0x0AA1      	INCF       _longitude_ptr, 1
0x0325	0x1903      	BTFSC      STATUS, 2
0x0326	0x0AA2      	INCF       _longitude_ptr+1, 1
;TP_memory.c,211 :: 		longitude[longitude_ptr++] = '\0';
0x0327	0x0821      	MOVF       _longitude_ptr, 0
0x0328	0x3E37      	ADDLW      _longitude
0x0329	0x0084      	MOVWF      FSR
0x032A	0x0180      	CLRF       INDF
0x032B	0x0AA1      	INCF       _longitude_ptr, 1
0x032C	0x1903      	BTFSC      STATUS, 2
0x032D	0x0AA2      	INCF       _longitude_ptr+1, 1
;TP_memory.c,212 :: 		}
L_main31:
;TP_memory.c,214 :: 		if (uart_rd == '*')
0x032E	0x0846      	MOVF       _uart_rd, 0
0x032F	0x3A2A      	XORLW      42
0x0330	0x1D03      	BTFSS      STATUS, 2
0x0331	0x2B51      	GOTO       L_main32
;TP_memory.c,216 :: 		Data_Write(lattitude,longitude);
0x0332	0x3027      	MOVLW      _lattitude
0x0333	0x00CB      	MOVWF      FARG_Data_Write_lattitude
0x0334	0x3037      	MOVLW      _longitude
0x0335	0x00CC      	MOVWF      FARG_Data_Write_longitude
0x0336	0x2199      	CALL       _Data_Write
;TP_memory.c,218 :: 		Delay_ms(250);
0x0337	0x3003      	MOVLW      3
0x0338	0x00FB      	MOVWF      R11
0x0339	0x308A      	MOVLW      138
0x033A	0x00FC      	MOVWF      R12
0x033B	0x3055      	MOVLW      85
0x033C	0x00FD      	MOVWF      R13
L_main33:
0x033D	0x0BFD      	DECFSZ     R13, 1
0x033E	0x2B3D      	GOTO       L_main33
0x033F	0x0BFC      	DECFSZ     R12, 1
0x0340	0x2B3D      	GOTO       L_main33
0x0341	0x0BFB      	DECFSZ     R11, 1
0x0342	0x2B3D      	GOTO       L_main33
0x0343	0x0000      	NOP
0x0344	0x0000      	NOP
;TP_memory.c,220 :: 		UART1_Write(13);
0x0345	0x300D      	MOVLW      13
0x0346	0x00E7      	MOVWF      FARG_UART1_Write_data_
0x0347	0x2024      	CALL       _UART1_Write
;TP_memory.c,221 :: 		UART1_Write(10);
0x0348	0x300A      	MOVLW      10
0x0349	0x00E7      	MOVWF      FARG_UART1_Write_data_
0x034A	0x2024      	CALL       _UART1_Write
;TP_memory.c,222 :: 		UART1_Write_Text(Data_Eeprom_Read(0));
0x034B	0x01CB      	CLRF       FARG_Data_Eeprom_Read_item
0x034C	0x01CC      	CLRF       FARG_Data_Eeprom_Read_item+1
0x034D	0x214A      	CALL       _Data_Eeprom_Read
0x034E	0x0870      	MOVF       R0, 0
0x034F	0x00CB      	MOVWF      FARG_UART1_Write_Text_uart_text
0x0350	0x2183      	CALL       _UART1_Write_Text
;TP_memory.c,230 :: 		}
L_main32:
;TP_memory.c,231 :: 		}
L_main19:
;TP_memory.c,233 :: 		}
L_main11:
;TP_memory.c,235 :: 		}
0x0351	0x2A80      	GOTO       L_main9
;TP_memory.c,236 :: 		}
0x0352	0x2B52      	GOTO       $+0
; end of _main
Symbol List:
//** Routines locations **
//ADDRESS    SIZE    PROCEDURE
//----------------------------------------------
0x0003      [33]    _EEPROM_Write
0x0024      [10]    _UART1_Write
0x002E      [12]    _EEPROM_Read
0x003A      [25]    _Mul_8x8_U
0x0053       [7]    _____DoICP
0x005A      [16]    _I2C1_Is_Idle
0x006A      [13]    _Delay_5500us
0x0077      [26]    _Data_Eeprom_Write
0x0091       [3]    _Delay_1us
0x0094       [7]    _Delay_50us
0x009B      [22]    _I2C1_Wr
0x00B1       [7]    _I2C1_Repeated_Start
0x00B8      [64]    _Lcd_Cmd
0x00F8       [7]    _UART1_Data_Ready
0x00FF      [16]    _UART1_Init
0x010F      [16]    _Delay_100ms
0x011F      [31]    _I2C1_Rd
0x013E      [12]    ___CC2DW
0x014A      [57]    _Data_Eeprom_Read
0x0183      [22]    _UART1_Write_Text
0x0199       [9]    _Data_Write
0x01A2       [4]    _I2C1_Stop
0x01A6      [41]    _I2C1_Start
0x01CF      [78]    _Lcd_Init
0x021D      [11]    _UART1_Read
0x0228      [10]    _I2C1_Init
0x0232     [289]    _main
//** Variables locations ** 
//ADDRESS    SIZE    VARIABLE
//----------------------------------------------
0x0000       [1]    INDF
0x0001       [1]    TMR0
0x0002       [1]    PCL
0x0003       [0]    Z_bit
0x0003       [0]    RP0_bit
0x0003       [0]    C_bit
0x0003       [1]    STATUS
0x0003       [0]    NOT_TO_bit
0x0003       [0]    DC_bit
0x0003       [0]    IRP_bit
0x0003       [0]    NOT_PD_bit
0x0003       [0]    RP1_bit
0x0004       [1]    FSR
0x0004       [1]    FSRPTR
0x0005       [1]    PORTA
0x0005       [0]    RA0_bit
0x0005       [0]    RA1_bit
0x0005       [0]    RA2_bit
0x0005       [0]    RA3_bit
0x0005       [0]    RA5_bit
0x0005       [0]    RA4_bit
0x0006       [0]    RB7_bit
0x0006       [0]    RB6_bit
0x0006       [0]    LCD_D7
0x0006       [0]    LCD_EN
0x0006       [0]    LCD_D6
0x0006       [1]    PORTB
0x0006       [0]    RB0_bit
0x0006       [0]    LCD_RS
0x0006       [0]    LCD_D5
0x0006       [0]    LCD_D4
0x0006       [0]    RB1_bit
0x0006       [0]    RB4_bit
0x0006       [0]    RB5_bit
0x0006       [0]    RB2_bit
0x0006       [0]    RB3_bit
0x0007       [0]    RC5_bit
0x0007       [0]    RC4_bit
0x0007       [0]    RC7_bit
0x0007       [0]    RC6_bit
0x0007       [0]    RC1_bit
0x0007       [0]    RC0_bit
0x0007       [0]    RC3_bit
0x0007       [0]    RC2_bit
0x0007       [1]    PORTC
0x0008       [0]    RD6_bit
0x0008       [0]    RD2_bit
0x0008       [0]    RD3_bit
0x0008       [0]    RD7_bit
0x0008       [0]    RD1_bit
0x0008       [1]    PORTD
0x0008       [0]    RD4_bit
0x0008       [0]    RD5_bit
0x0008       [0]    RD0_bit
0x0009       [0]    RE0_bit
0x0009       [1]    PORTE
0x0009       [0]    RE1_bit
0x0009       [0]    RE2_bit
0x000A       [1]    PCLATH
0x000B       [0]    RBIF_bit
0x000B       [0]    RBIE_bit
0x000B       [0]    T0IF_bit
0x000B       [1]    INTCON
0x000B       [0]    PEIE_bit
0x000B       [0]    GIE_bit
0x000B       [0]    INTE_bit
0x000B       [0]    INTF_bit
0x000B       [0]    TMR0IE_bit
0x000B       [0]    TMR0IF_bit
0x000B       [0]    T0IE_bit
0x000C       [0]    ADIF_bit
0x000C       [0]    CCP1IF_bit
0x000C       [0]    PSPIF_bit
0x000C       [0]    TMR2IF_bit
0x000C       [1]    PIR1
0x000C       [0]    SSPIF_bit
0x000C       [0]    TMR1IF_bit
0x000C       [0]    RCIF_bit
0x000C       [0]    TXIF_bit
0x000D       [1]    PIR2
0x000D       [0]    CMIF_bit
0x000D       [0]    EEIF_bit
0x000D       [0]    BCLIF_bit
0x000D       [0]    CCP2IF_bit
0x000E       [1]    TMR1L
0x000F       [1]    TMR1H
0x0010       [0]    NOT_T1SYNC_bit
0x0010       [1]    T1CON
0x0010       [0]    TMR1CS_bit
0x0010       [0]    T1OSCEN_bit
0x0010       [0]    T1INSYNC_bit
0x0010       [0]    T1CKPS0_bit
0x0010       [0]    T1CKPS1_bit
0x0010       [0]    T1SYNC_bit
0x0010       [0]    TMR1ON_bit
0x0011       [1]    TMR2
0x0012       [0]    TOUTPS0_bit
0x0012       [0]    T2CKPS1_bit
0x0012       [0]    TMR2ON_bit
0x0012       [0]    TOUTPS2_bit
0x0012       [0]    TOUTPS3_bit
0x0012       [0]    TOUTPS1_bit
0x0012       [0]    T2CKPS0_bit
0x0012       [1]    T2CON
0x0013       [1]    SSPBUF
0x0014       [0]    SSPM0_bit
0x0014       [1]    SSPCON
0x0014       [0]    SSPM3_bit
0x0014       [0]    SSPM1_bit
0x0014       [0]    SSPOV_bit
0x0014       [0]    SSPEN_bit
0x0014       [0]    CKP_bit
0x0014       [0]    WCOL_bit
0x0014       [0]    SSPM2_bit
0x0015       [1]    CCPR1L
0x0015       [2]    CCPR1
0x0016       [1]    CCPR1H
0x0017       [0]    CCP1M0_bit
0x0017       [0]    CCP1M1_bit
0x0017       [0]    CCP1M3_bit
0x0017       [0]    CCP1Y_bit
0x0017       [1]    CCP1CON
0x0017       [0]    CCP1X_bit
0x0017       [0]    CCP1M2_bit
0x0018       [0]    RCD8_bit
0x0018       [0]    FERR_bit
0x0018       [0]    ADDEN_bit
0x0018       [0]    RC9_bit
0x0018       [0]    OERR_bit
0x0018       [0]    SPEN_bit
0x0018       [0]    RC8_9_bit
0x0018       [0]    SREN_bit
0x0018       [0]    NOT_RC8_bit
0x0018       [0]    CREN_bit
0x0018       [1]    RCSTA
0x0018       [0]    RX9D_bit
0x0018       [0]    RX9_bit
0x0019       [1]    TXREG
0x001A       [1]    RCREG
0x001B       [1]    CCPR2L
0x001B       [2]    CCPR2
0x001C       [1]    CCPR2H
0x001D       [0]    CCP2Y_bit
0x001D       [0]    CCP2M2_bit
0x001D       [1]    CCP2CON
0x001D       [0]    CCP2M1_bit
0x001D       [0]    CCP2M0_bit
0x001D       [0]    CCP2X_bit
0x001D       [0]    CCP2M3_bit
0x001E       [1]    ADRESH
0x001F       [0]    CHS0_bit
0x001F       [0]    CHS1_bit
0x001F       [0]    NOT_DONE_bit
0x001F       [1]    ADCON0
0x001F       [0]    ADCS0_bit
0x001F       [0]    GO_DONE_bit
0x001F       [0]    CHS2_bit
0x001F       [0]    GO_bit
0x001F       [0]    ADCS1_bit
0x001F       [0]    ADON_bit
0x0020       [1]    _adresse
0x0021       [2]    _longitude_ptr
0x0023       [2]    _lattitude_ptr
0x0025       [2]    ___DoICPAddr
0x0027      [15]    _lattitude
0x0036       [0]    __Lib_Lcd_cmd_status
0x0037      [15]    _longitude
0x0046       [1]    _uart_rd
0x0047       [2]    _counter
0x0049       [1]    main_good_trame_L0
0x004A       [1]    main_g_counter_L0
0x004B       [2]    FARG_Data_Eeprom_Read_item
0x004B       [2]    I2C1_Start_j_L0
0x004B       [1]    FARG_Data_Write_lattitude
0x004B       [4]    FARG_I2C1_Init_clock
0x004B       [1]    FARG_UART1_Write_Text_uart_text
0x004B       [1]    FARG_I2C1_Rd_ack
0x004B       [1]    FARG_Lcd_Cmd_out_char
0x004B       [1]    FARG_I2C1_Wr_data_
0x004C       [1]    UART1_Write_Text_data__L0
0x004C       [1]    FARG_Data_Write_longitude
0x004D       [2]    Data_Eeprom_Read_indice_L0
0x004D       [1]    UART1_Write_Text_counter_L0
0x004F      [22]    Data_Eeprom_Read_donnees_L0
0x0065       [1]    Data_Eeprom_Read_address_L0
0x0066       [1]    FLOC__Data_Eeprom_Read
0x0067       [1]    FARG_UART1_Write_data_
0x0067       [1]    FARG_Data_Eeprom_Write_donnees
0x0067       [1]    FARG_EEPROM_Read_Address
0x0068       [1]    Data_Eeprom_Write_indice_L0
0x0069       [1]    FARG_EEPROM_Write_Address
0x006A       [1]    FARG_EEPROM_Write_data_
0x0070       [1]    R0
0x0071       [1]    R1
0x0072       [1]    R2
0x0073       [1]    R3
0x0074       [1]    R4
0x0075       [1]    R5
0x0076       [1]    R6
0x0077       [1]    R7
0x0078       [1]    R8
0x0079       [1]    R9
0x007A       [1]    R10
0x007B       [1]    R11
0x007C       [1]    R12
0x007D       [1]    R13
0x007E       [1]    R14
0x007F       [1]    R15
0x0081       [0]    PS1_bit
0x0081       [0]    PS0_bit
0x0081       [0]    PS2_bit
0x0081       [0]    INTEDG_bit
0x0081       [0]    PSA_bit
0x0081       [0]    T0SE_bit
0x0081       [1]    OPTION_REG
0x0081       [0]    T0CS_bit
0x0081       [0]    NOT_RBPU_bit
0x0085       [0]    TRISA0_bit
0x0085       [0]    TRISA1_bit
0x0085       [0]    TRISA4_bit
0x0085       [0]    TRISA3_bit
0x0085       [0]    TRISA5_bit
0x0085       [0]    TRISA2_bit
0x0085       [1]    TRISA
0x0086       [0]    TRISB2_bit
0x0086       [0]    TRISB6_bit
0x0086       [0]    TRISB3_bit
0x0086       [0]    TRISB5_bit
0x0086       [0]    LCD_D5_Direction
0x0086       [0]    LCD_D4_Direction
0x0086       [0]    TRISB7_bit
0x0086       [0]    TRISB1_bit
0x0086       [0]    TRISB0_bit
0x0086       [0]    TRISB4_bit
0x0086       [1]    TRISB
0x0086       [0]    LCD_RS_Direction
0x0086       [0]    LCD_D6_Direction
0x0086       [0]    LCD_EN_Direction
0x0086       [0]    LCD_D7_Direction
0x0087       [0]    TRISC4_bit
0x0087       [0]    TRISC7_bit
0x0087       [0]    TRISC6_bit
0x0087       [0]    TRISC5_bit
0x0087       [0]    TRISC0_bit
0x0087       [1]    TRISC
0x0087       [0]    TRISC1_bit
0x0087       [0]    TRISC3_bit
0x0087       [0]    TRISC2_bit
0x0088       [0]    TRISD5_bit
0x0088       [0]    TRISD4_bit
0x0088       [0]    TRISD7_bit
0x0088       [0]    TRISD6_bit
0x0088       [0]    TRISD3_bit
0x0088       [0]    TRISD0_bit
0x0088       [1]    TRISD
0x0088       [0]    TRISD2_bit
0x0088       [0]    TRISD1_bit
0x0089       [0]    PSPMODE_bit
0x0089       [0]    PSPMODE_TRISE_bit
0x0089       [0]    IBOV_TRISE_bit
0x0089       [0]    OBF_bit
0x0089       [0]    OBF_TRISE_bit
0x0089       [1]    TRISE
0x0089       [0]    IBF_TRISE_bit
0x0089       [0]    TRISE2_bit
0x0089       [0]    IBF_bit
0x0089       [0]    TRISE1_bit
0x0089       [0]    IBOV_bit
0x0089       [0]    TRISE0_bit
0x008C       [0]    ADIE_bit
0x008C       [0]    TMR2IE_bit
0x008C       [0]    PSPIE_bit
0x008C       [0]    TMR1IE_bit
0x008C       [0]    CCP1IE_bit
0x008C       [1]    PIE1
0x008C       [0]    RCIE_bit
0x008C       [0]    TXIE_bit
0x008C       [0]    SSPIE_bit
0x008D       [0]    EEIE_bit
0x008D       [0]    BCLIE_bit
0x008D       [1]    PIE2
0x008D       [0]    CCP2IE_bit
0x008D       [0]    CMIE_bit
0x008E       [0]    NOT_BO_bit
0x008E       [0]    NOT_POR_bit
0x008E       [0]    NOT_BOR_bit
0x008E       [1]    PCON
0x0091       [0]    GCEN_bit
0x0091       [0]    ACKSTAT_bit
0x0091       [0]    RSEN_bit
0x0091       [0]    ACKEN_bit
0x0091       [0]    SEN_bit
0x0091       [0]    PEN_bit
0x0091       [0]    RCEN_bit
0x0091       [1]    SSPCON2
0x0091       [0]    ACKDT_bit
0x0092       [1]    PR2
0x0093       [1]    SSPADD
0x0094       [1]    SSPSTAT
0x0094       [0]    BF_bit
0x0094       [0]    R_W_bit
0x0094       [0]    UA_bit
0x0094       [0]    I2C_DATA_bit
0x0094       [0]    R_bit
0x0094       [0]    D_A_bit
0x0094       [0]    READ_WRITE_bit
0x0094       [0]    DATA_ADDRESS_bit
0x0094       [0]    D_bit
0x0094       [0]    P_bit
0x0094       [0]    NOT_ADDRESS_bit
0x0094       [0]    NOT_WRITE_bit
0x0094       [0]    NOT_W_bit
0x0094       [0]    I2C_START__bit
0x0094       [0]    I2C_READ_bit
0x0094       [0]    NOT_A_bit
0x0094       [0]    I2C_STOP__bit
0x0094       [0]    S_bit
0x0094       [0]    CKE_bit
0x0094       [0]    SMP_bit
0x0098       [0]    TX9_bit
0x0098       [0]    BRGH_bit
0x0098       [0]    TX9D_bit
0x0098       [0]    TXEN_bit
0x0098       [1]    TXSTA
0x0098       [0]    CSRC_bit
0x0098       [0]    TXD8_bit
0x0098       [0]    TRMT_bit
0x0098       [0]    NOT_TX8_bit
0x0098       [0]    SYNC_bit
0x0098       [0]    TX8_9_bit
0x0099       [1]    SPBRG
0x009C       [0]    C1OUT_bit
0x009C       [0]    CM1_bit
0x009C       [0]    CM0_bit
0x009C       [0]    C2OUT_bit
0x009C       [0]    CIS_bit
0x009C       [0]    C2INV_bit
0x009C       [1]    CMCON
0x009C       [0]    CM2_bit
0x009C       [0]    C1INV_bit
0x009D       [0]    CVREN_bit
0x009D       [0]    CVROE_bit
0x009D       [0]    CVRR_bit
0x009D       [0]    CVR1_bit
0x009D       [0]    CVR2_bit
0x009D       [0]    CVR3_bit
0x009D       [0]    CVR0_bit
0x009D       [1]    CVRCON
0x009E       [1]    ADRESL
0x009F       [0]    PCFG2_bit
0x009F       [0]    PCFG3_bit
0x009F       [0]    PCFG1_bit
0x009F       [1]    ADCON1
0x009F       [0]    PCFG0_bit
0x009F       [0]    ADCS2_bit
0x009F       [0]    ADFM_bit
0x010C       [1]    EEDATA
0x010D       [1]    EEADR
0x010E       [1]    EEDATH
0x010F       [1]    EEADRH
0x018C       [0]    RD_bit
0x018C       [0]    WR_bit
0x018C       [1]    EECON1
0x018C       [0]    EEPGD_bit
0x018C       [0]    WRERR_bit
0x018C       [0]    WREN_bit
0x018D       [1]    EECON2
//** Label List: ** 
//----------------------------------------------
  L_Data_Eeprom_Write0
  L_Data_Eeprom_Write1
  L_Data_Eeprom_Read2
  L_Data_Eeprom_Read3
  L_Data_Eeprom_Read4
  L_Data_Eeprom_Read5
  L_Data_I2C_EEPROM_Write6
  L_Data_I2C_EEPROM_Write7
  L_main8
  L_main9
  L_main10
  L_main11
  L_main12
  L_main13
  L_main14
  L_main15
  L_main16
  L_main17
  L_main18
  L_main19
  L_main20
  L_main21
  L_main22
  L_main23
  L_main24
  L_main25
  L_main26
  L_main27
  L_main28
  L_main29
  L_main30
  L_main31
  L_main32
  L_main33
  L__main34
  L__main35
  L__main36
  L__main37
  L__main38
  _Data_Eeprom_Write
  _Data_Write
  _Data_Eeprom_Read
  L__Data_Eeprom_Read39
  _Data_I2C_EEPROM_Write
  _main
  L__main40
  L__main41
  L__main42
  L__main43
  L__main44
  L__main45
  L_Delay_10us0
  L_Delay_22us1
  L_Delay_50us2
  L_Delay_80us3
  L_Delay_500us4
  L_Delay_5500us5
  L_Delay_1ms6
  L_Delay_5ms7
  L_Delay_8ms8
  L_Delay_10ms9
  L_Delay_100ms10
  L_Delay_1sec11
  L_boot16_Delay_5ms12
  L_Delay_Cyc13
  L_Delay_Cyc14
  L_VDelay_ms15
  L_VDelay_ms16
  L_VDelay_ms17
  L_VDelay_Advanced_ms18
  L_VDelay_Advanced_ms19
  L_VDelay_Advanced_ms20
  _Get_Fosc_kHz
  _Delay_1us
  _Delay_10us
  _Delay_22us
  _Delay_50us
  _Delay_80us
  _Delay_500us
  _Delay_5500us
  _Delay_1ms
  _Delay_5ms
  _Delay_8ms
  _Delay_10ms
  _Delay_100ms
  _Delay_1sec
  _boot16_Delay_5ms
  _Delay_Cyc
  _VDelay_ms
  L__VDelay_ms21
  L__VDelay_ms22
  L__VDelay_ms23
  _VDelay_Advanced_ms
  L__VDelay_Advanced_ms24
  L__VDelay_Advanced_ms25
  L__VDelay_Advanced_ms26
  L_EEPROM_Write0
  L_EEPROM_Write1
  _EEPROM_Read
  _EEPROM_Write
  L__EEPROM_Write2
  L__EEPROM_Write3
  L_I2C1_Is_Idle0
  L_I2C1_Is_Idle1
  L_I2C1_Start2
  L_I2C1_Start3
  L_I2C1_Start4
  L_I2C1_Start5
  L_I2C1_Start6
  L_I2C1_Start7
  L_I2C1_Start8
  L_I2C1_Start9
  L_I2C1_Repeated_Start10
  L_I2C1_Repeated_Start11
  L_I2C1_Rd12
  L_I2C1_Rd13
  L_I2C1_Rd14
  L_I2C1_Rd15
  L_I2C1_Rd16
  L_I2C1_Rd17
  L_I2C1_Wr18
  L_I2C1_Wr19
  L_I2C1_Wr20
  L_I2C1_Wr21
  L_I2C1_Wr22
  L_I2C1_Wr23
  _I2C1_Init
  _I2C1_Is_Idle
  _I2C1_Start
  L__I2C1_Start24
  L__I2C1_Start25
  _I2C1_Repeated_Start
  _I2C1_Rd
  _I2C1_Wr
  _I2C1_Stop
  L_Lcd_Cmd0
  L_Lcd_Cmd1
  L_Lcd_Out_CP2
  L_Lcd_Out_CP3
  L_Lcd_Chr4
  L_Lcd_Chr5
  L_Lcd_Chr6
  L_Lcd_Chr7
  L_Lcd_Chr8
  L_Lcd_Chr9
  L_Lcd_Chr10
  L_Lcd_Out11
  L_Lcd_Out12
  L_Lcd_Out13
  L_Lcd_Out14
  L_Lcd_Out15
  L_Lcd_Out16
  L_Lcd_Out17
  L_Lcd_Out18
  L_Lcd_Out19
  _Lcd_Cmd
  L__Lcd_Cmd20
  L__Lcd_Cmd21
  L__Lcd_Cmd22
  L__Lcd_Cmd23
  L__Lcd_Cmd24
  L__Lcd_Cmd25
  L__Lcd_Cmd26
  L__Lcd_Cmd27
  L__Lcd_Cmd28
  L__Lcd_Cmd29
  L__Lcd_Cmd30
  L__Lcd_Cmd31
  L__Lcd_Cmd32
  L__Lcd_Cmd33
  L__Lcd_Cmd34
  L__Lcd_Cmd35
  L__Lcd_Cmd36
  L__Lcd_Cmd37
  L__Lcd_Cmd38
  L__Lcd_Cmd39
  _Lcd_Chr_CP
  _Lcd_Out_CP
  _Lcd_Chr
  _Lcd_Init
  _Lcd_Out
  L_Div_16x16_S0
  L_Div_16x16_S1
  LOOPS3232A
  SADD22LA
  SOK22LA
  SADD22L8
  SOK22L8
  LOOPS3232B
  SADD22LB
  SOK22LB
  SADD22L16
  SOK22L16
  LOOPS3232C
  SADD22LC
  SOK22LC
  SADD22L24
  SOK22L24
  LOOPS3232D
  SADD22LD
  SOK22LD
  SOK22L
  L_Div_32x32_S6
  L_Div_32x32_S7
  L_Div_32x32_S8
  L_Div_32x32_S9
  FXD3232S
  END_ALL
  CA3232S
  C3232SX
  C3232SX1
  C3232S
  C3232S2
  C3232SX4
  C3232SOK
  C3232SX3
  C3232SX2
  avoid_comfrem
  LOOPU3232A
  UADD22LA
  UOK22LA
  UADD22L8
  UOK22L8
  LOOPU3232B
  UADD22LB
  UOK22LB
  UADD22L16
  UOK22L16
  LOOPU3232C
  UADD22LC
  UOK22LC
  UADD22L24
  UOK22L24
  LOOPU3232D
  UADD22LD
  UOK22LD
  UOK22L
  _NEXT
  _EXIT2
  _LOOP
  _EXIT1
  _IF_FIRST
  _IF_SECOND
  _INVERCE_FIRST
  _MULT
  _INBERSE_SECOND
  _EXIT
  _Mul_8x8_U
  _Mul_16x16_U
  _Div_8x8_U
  _Div_16x16_U
  _Mul_8x8_S
  _Mul_16x16_S
  _Div_16x16_S_L
  _Div_16x16_S
  _Div_8x8_S
  _SDIV3232L
  _COMFREM
  _Div_32x32_S
  _Div_32x32_U
  _Mul_32x32_U
  _Mul_32x32_S
  _CC2D_Loop1
  _____DoICP
  _____DoIFC
  ___CC2DW
  _Swap
  L_UART1_Init0
  L_UART1_Init1
  L_UART1_Read2
  L_UART1_Write3
  L_UART1_Write4
  L_UART1_Write_Text5
  L_UART1_Write_Text6
  L_UART1_Read_Text7
  L_UART1_Read_Text8
  L_UART1_Read_Text9
  L_UART1_Read_Text10
  L_UART1_Read_Text11
  L_UART1_Read_Text12
  L_UART1_Read_Text13
  L_UART1_Read_Text14
  L_UART1_Read_Text15
  _UART1_Init
  _UART1_Data_Ready
  _UART1_Read
  _UART1_Tx_Idle
  _UART1_Write
  _UART1_Write_Text
  _UART1_Read_Text
